[2019-09-06 09:04:08,964] DEBUG preRegister called. Server=com.sun.jmx.mbeanserver.JmxMBeanServer@631330c, name=log4j:logger=kafka.controller (kafka.controller)
[2019-09-06 09:04:18,707] INFO [ControllerEventThread controllerId=0] Starting (kafka.controller.ControllerEventManager$ControllerEventThread)
[2019-09-06 09:04:18,736] INFO [Controller id=0] 0 successfully elected as the controller. Epoch incremented to 2 and epoch zk version is now 2 (kafka.controller.KafkaController)
[2019-09-06 09:04:18,736] INFO [Controller id=0] Registering handlers (kafka.controller.KafkaController)
[2019-09-06 09:04:18,739] INFO [Controller id=0] Deleting log dir event notifications (kafka.controller.KafkaController)
[2019-09-06 09:04:18,742] INFO [Controller id=0] Deleting isr change notifications (kafka.controller.KafkaController)
[2019-09-06 09:04:18,744] INFO [Controller id=0] Initializing controller context (kafka.controller.KafkaController)
[2019-09-06 09:04:18,754] INFO [Controller id=0] Initialized broker epochs cache: Map(0 -> 68) (kafka.controller.KafkaController)
[2019-09-06 09:04:18,767] DEBUG [Controller id=0] Register BrokerModifications handler for Set(0) (kafka.controller.KafkaController)
[2019-09-06 09:04:18,777] DEBUG [Channel manager on controller 0]: Controller 0 trying to connect to broker 0 (kafka.controller.ControllerChannelManager)
[2019-09-06 09:04:18,787] INFO [RequestSendThread controllerId=0] Starting (kafka.controller.RequestSendThread)
[2019-09-06 09:04:18,788] INFO [Controller id=0] Partitions being reassigned: Map() (kafka.controller.KafkaController)
[2019-09-06 09:04:18,788] INFO [Controller id=0] Currently active brokers in the cluster: Set(0) (kafka.controller.KafkaController)
[2019-09-06 09:04:18,789] INFO [Controller id=0] Currently shutting brokers in the cluster: Set() (kafka.controller.KafkaController)
[2019-09-06 09:04:18,790] INFO [Controller id=0] Current list of topics in the cluster: Set(cwct-all-events-rekey-test-1, cwct-cart-items-test-1, cwct-all-events-no-key-test-1, cwct-processed-events-test-1) (kafka.controller.KafkaController)
[2019-09-06 09:04:18,790] INFO [Controller id=0] Fetching topic deletions in progress (kafka.controller.KafkaController)
[2019-09-06 09:04:18,796] INFO [Controller id=0] List of topics to be deleted:  (kafka.controller.KafkaController)
[2019-09-06 09:04:18,797] INFO [Controller id=0] List of topics ineligible for deletion:  (kafka.controller.KafkaController)
[2019-09-06 09:04:18,797] INFO [Controller id=0] Initializing topic deletion manager (kafka.controller.KafkaController)
[2019-09-06 09:04:18,797] INFO [Topic Deletion Manager 0] Initializing manager with initial deletions: Set(), initial ineligible deletions: Set() (kafka.controller.TopicDeletionManager)
[2019-09-06 09:04:18,798] INFO [Controller id=0] Sending update metadata request (kafka.controller.KafkaController)
[2019-09-06 09:04:18,808] INFO [ReplicaStateMachine controllerId=0] Initializing replica state (kafka.controller.ZkReplicaStateMachine)
[2019-09-06 09:04:18,813] INFO [ReplicaStateMachine controllerId=0] Triggering online replica state changes (kafka.controller.ZkReplicaStateMachine)
[2019-09-06 09:04:18,818] INFO [RequestSendThread controllerId=0] Controller 0 connected to SAKSHAMA2012.pacific.costcotravel.com:9092 (id: 0 rack: null) for sending state change requests (kafka.controller.RequestSendThread)
[2019-09-06 09:04:18,841] INFO [ReplicaStateMachine controllerId=0] Triggering offline replica state changes (kafka.controller.ZkReplicaStateMachine)
[2019-09-06 09:04:18,841] DEBUG [ReplicaStateMachine controllerId=0] Started replica state machine with initial state -> Map([Topic=cwct-all-events-no-key-test-1,Partition=0,Replica=0] -> OnlineReplica, [Topic=cwct-cart-items-test-1,Partition=0,Replica=0] -> OnlineReplica, [Topic=cwct-all-events-rekey-test-1,Partition=0,Replica=0] -> OnlineReplica, [Topic=cwct-processed-events-test-1,Partition=0,Replica=0] -> OnlineReplica) (kafka.controller.ZkReplicaStateMachine)
[2019-09-06 09:04:18,841] INFO [PartitionStateMachine controllerId=0] Initializing partition state (kafka.controller.ZkPartitionStateMachine)
[2019-09-06 09:04:18,845] INFO [PartitionStateMachine controllerId=0] Triggering online partition state changes (kafka.controller.ZkPartitionStateMachine)
[2019-09-06 09:04:18,847] DEBUG [PartitionStateMachine controllerId=0] Started partition state machine with initial state -> Map(cwct-processed-events-test-1-0 -> OnlinePartition, cwct-all-events-rekey-test-1-0 -> OnlinePartition, cwct-all-events-no-key-test-1-0 -> OnlinePartition, cwct-cart-items-test-1-0 -> OnlinePartition) (kafka.controller.ZkPartitionStateMachine)
[2019-09-06 09:04:18,847] INFO [Controller id=0] Ready to serve as the new controller with epoch 2 (kafka.controller.KafkaController)
[2019-09-06 09:04:18,849] INFO [Controller id=0] Removing partitions Set() from the list of reassigned partitions in zookeeper (kafka.controller.KafkaController)
[2019-09-06 09:04:18,849] INFO [Controller id=0] No more partitions need to be reassigned. Deleting zk path /admin/reassign_partitions (kafka.controller.KafkaController)
[2019-09-06 09:04:18,854] INFO [Controller id=0] Partitions undergoing preferred replica election:  (kafka.controller.KafkaController)
[2019-09-06 09:04:18,855] INFO [Controller id=0] Partitions that completed preferred replica election:  (kafka.controller.KafkaController)
[2019-09-06 09:04:18,855] INFO [Controller id=0] Skipping preferred replica election for partitions due to topic deletion:  (kafka.controller.KafkaController)
[2019-09-06 09:04:18,855] INFO [Controller id=0] Resuming preferred replica election for partitions:  (kafka.controller.KafkaController)
[2019-09-06 09:04:18,856] INFO [Controller id=0] Starting preferred replica leader election for partitions  (kafka.controller.KafkaController)
[2019-09-06 09:04:18,878] INFO [Controller id=0] Starting the controller scheduler (kafka.controller.KafkaController)
[2019-09-06 09:04:23,881] INFO [Controller id=0] Processing automatic preferred replica leader election (kafka.controller.KafkaController)
[2019-09-06 09:04:23,882] TRACE [Controller id=0] Checking need to trigger auto leader balancing (kafka.controller.KafkaController)
[2019-09-06 09:04:23,884] DEBUG [Controller id=0] Preferred replicas by broker Map(0 -> Map(cwct-all-events-no-key-test-1-0 -> Vector(0), cwct-cart-items-test-1-0 -> Vector(0), cwct-processed-events-test-1-0 -> Vector(0), cwct-all-events-rekey-test-1-0 -> Vector(0))) (kafka.controller.KafkaController)
[2019-09-06 09:04:23,885] DEBUG [Controller id=0] Topics not in preferred replica for broker 0 Map() (kafka.controller.KafkaController)
[2019-09-06 09:04:23,886] TRACE [Controller id=0] Leader imbalance ratio for broker 0 is 0.0 (kafka.controller.KafkaController)
[2019-09-06 09:09:23,888] INFO [Controller id=0] Processing automatic preferred replica leader election (kafka.controller.KafkaController)
[2019-09-06 09:09:23,888] TRACE [Controller id=0] Checking need to trigger auto leader balancing (kafka.controller.KafkaController)
[2019-09-06 09:09:23,889] DEBUG [Controller id=0] Preferred replicas by broker Map(0 -> Map(cwct-all-events-no-key-test-1-0 -> Vector(0), cwct-cart-items-test-1-0 -> Vector(0), cwct-processed-events-test-1-0 -> Vector(0), cwct-all-events-rekey-test-1-0 -> Vector(0))) (kafka.controller.KafkaController)
[2019-09-06 09:09:23,889] DEBUG [Controller id=0] Topics not in preferred replica for broker 0 Map() (kafka.controller.KafkaController)
[2019-09-06 09:09:23,889] TRACE [Controller id=0] Leader imbalance ratio for broker 0 is 0.0 (kafka.controller.KafkaController)
[2019-09-06 09:14:23,891] INFO [Controller id=0] Processing automatic preferred replica leader election (kafka.controller.KafkaController)
[2019-09-06 09:14:23,891] TRACE [Controller id=0] Checking need to trigger auto leader balancing (kafka.controller.KafkaController)
[2019-09-06 09:14:23,891] DEBUG [Controller id=0] Preferred replicas by broker Map(0 -> Map(cwct-all-events-no-key-test-1-0 -> Vector(0), cwct-cart-items-test-1-0 -> Vector(0), cwct-processed-events-test-1-0 -> Vector(0), cwct-all-events-rekey-test-1-0 -> Vector(0))) (kafka.controller.KafkaController)
[2019-09-06 09:14:23,892] DEBUG [Controller id=0] Topics not in preferred replica for broker 0 Map() (kafka.controller.KafkaController)
[2019-09-06 09:14:23,892] TRACE [Controller id=0] Leader imbalance ratio for broker 0 is 0.0 (kafka.controller.KafkaController)
[2019-09-06 09:19:23,893] INFO [Controller id=0] Processing automatic preferred replica leader election (kafka.controller.KafkaController)
[2019-09-06 09:19:23,893] TRACE [Controller id=0] Checking need to trigger auto leader balancing (kafka.controller.KafkaController)
[2019-09-06 09:19:23,893] DEBUG [Controller id=0] Preferred replicas by broker Map(0 -> Map(cwct-all-events-no-key-test-1-0 -> Vector(0), cwct-cart-items-test-1-0 -> Vector(0), cwct-processed-events-test-1-0 -> Vector(0), cwct-all-events-rekey-test-1-0 -> Vector(0))) (kafka.controller.KafkaController)
[2019-09-06 09:19:23,893] DEBUG [Controller id=0] Topics not in preferred replica for broker 0 Map() (kafka.controller.KafkaController)
[2019-09-06 09:19:23,894] TRACE [Controller id=0] Leader imbalance ratio for broker 0 is 0.0 (kafka.controller.KafkaController)
[2019-09-06 09:24:23,895] INFO [Controller id=0] Processing automatic preferred replica leader election (kafka.controller.KafkaController)
[2019-09-06 09:24:23,895] TRACE [Controller id=0] Checking need to trigger auto leader balancing (kafka.controller.KafkaController)
[2019-09-06 09:24:23,895] DEBUG [Controller id=0] Preferred replicas by broker Map(0 -> Map(cwct-all-events-no-key-test-1-0 -> Vector(0), cwct-cart-items-test-1-0 -> Vector(0), cwct-processed-events-test-1-0 -> Vector(0), cwct-all-events-rekey-test-1-0 -> Vector(0))) (kafka.controller.KafkaController)
[2019-09-06 09:24:23,895] DEBUG [Controller id=0] Topics not in preferred replica for broker 0 Map() (kafka.controller.KafkaController)
[2019-09-06 09:24:23,896] TRACE [Controller id=0] Leader imbalance ratio for broker 0 is 0.0 (kafka.controller.KafkaController)
[2019-09-06 09:29:23,897] INFO [Controller id=0] Processing automatic preferred replica leader election (kafka.controller.KafkaController)
[2019-09-06 09:29:23,897] TRACE [Controller id=0] Checking need to trigger auto leader balancing (kafka.controller.KafkaController)
[2019-09-06 09:29:23,897] DEBUG [Controller id=0] Preferred replicas by broker Map(0 -> Map(cwct-all-events-no-key-test-1-0 -> Vector(0), cwct-cart-items-test-1-0 -> Vector(0), cwct-processed-events-test-1-0 -> Vector(0), cwct-all-events-rekey-test-1-0 -> Vector(0))) (kafka.controller.KafkaController)
[2019-09-06 09:29:23,898] DEBUG [Controller id=0] Topics not in preferred replica for broker 0 Map() (kafka.controller.KafkaController)
[2019-09-06 09:29:23,898] TRACE [Controller id=0] Leader imbalance ratio for broker 0 is 0.0 (kafka.controller.KafkaController)
[2019-09-06 09:34:23,899] INFO [Controller id=0] Processing automatic preferred replica leader election (kafka.controller.KafkaController)
[2019-09-06 09:34:23,899] TRACE [Controller id=0] Checking need to trigger auto leader balancing (kafka.controller.KafkaController)
[2019-09-06 09:34:23,899] DEBUG [Controller id=0] Preferred replicas by broker Map(0 -> Map(cwct-all-events-no-key-test-1-0 -> Vector(0), cwct-cart-items-test-1-0 -> Vector(0), cwct-processed-events-test-1-0 -> Vector(0), cwct-all-events-rekey-test-1-0 -> Vector(0))) (kafka.controller.KafkaController)
[2019-09-06 09:34:23,899] DEBUG [Controller id=0] Topics not in preferred replica for broker 0 Map() (kafka.controller.KafkaController)
[2019-09-06 09:34:23,900] TRACE [Controller id=0] Leader imbalance ratio for broker 0 is 0.0 (kafka.controller.KafkaController)
