[2019-09-06 09:04:08,963] DEBUG preRegister called. Server=com.sun.jmx.mbeanserver.JmxMBeanServer@631330c, name=log4j:logger=state.change.logger (state.change.logger)
[2019-09-06 09:04:18,835] TRACE [Controller id=0 epoch=2] Changed state of replica 0 for partition cwct-processed-events-test-1-0 from OnlineReplica to OnlineReplica (state.change.logger)
[2019-09-06 09:04:18,836] TRACE [Controller id=0 epoch=2] Changed state of replica 0 for partition cwct-all-events-rekey-test-1-0 from OnlineReplica to OnlineReplica (state.change.logger)
[2019-09-06 09:04:18,836] TRACE [Controller id=0 epoch=2] Changed state of replica 0 for partition cwct-cart-items-test-1-0 from OnlineReplica to OnlineReplica (state.change.logger)
[2019-09-06 09:04:18,837] TRACE [Controller id=0 epoch=2] Changed state of replica 0 for partition cwct-all-events-no-key-test-1-0 from OnlineReplica to OnlineReplica (state.change.logger)
[2019-09-06 09:04:18,838] TRACE [Controller id=0 epoch=2] Sending become-leader LeaderAndIsr request PartitionState(controllerEpoch=1, leader=0, leaderEpoch=0, isr=0, zkVersion=0, replicas=0, isNew=false) to broker 0 for partition cwct-processed-events-test-1-0 (state.change.logger)
[2019-09-06 09:04:18,838] TRACE [Controller id=0 epoch=2] Sending become-leader LeaderAndIsr request PartitionState(controllerEpoch=1, leader=0, leaderEpoch=0, isr=0, zkVersion=0, replicas=0, isNew=false) to broker 0 for partition cwct-all-events-rekey-test-1-0 (state.change.logger)
[2019-09-06 09:04:18,838] TRACE [Controller id=0 epoch=2] Sending become-leader LeaderAndIsr request PartitionState(controllerEpoch=1, leader=0, leaderEpoch=0, isr=0, zkVersion=0, replicas=0, isNew=false) to broker 0 for partition cwct-all-events-no-key-test-1-0 (state.change.logger)
[2019-09-06 09:04:18,838] TRACE [Controller id=0 epoch=2] Sending become-leader LeaderAndIsr request PartitionState(controllerEpoch=1, leader=0, leaderEpoch=0, isr=0, zkVersion=0, replicas=0, isNew=false) to broker 0 for partition cwct-cart-items-test-1-0 (state.change.logger)
[2019-09-06 09:04:18,840] TRACE [Controller id=0 epoch=2] Sending UpdateMetadata request PartitionState(controllerEpoch=1, leader=0, leaderEpoch=0, isr=[0], zkVersion=0, replicas=[0], offlineReplicas=[]) to brokers Set(0) for partition cwct-processed-events-test-1-0 (state.change.logger)
[2019-09-06 09:04:18,840] TRACE [Controller id=0 epoch=2] Sending UpdateMetadata request PartitionState(controllerEpoch=1, leader=0, leaderEpoch=0, isr=[0], zkVersion=0, replicas=[0], offlineReplicas=[]) to brokers Set(0) for partition cwct-all-events-rekey-test-1-0 (state.change.logger)
[2019-09-06 09:04:18,840] TRACE [Controller id=0 epoch=2] Sending UpdateMetadata request PartitionState(controllerEpoch=1, leader=0, leaderEpoch=0, isr=[0], zkVersion=0, replicas=[0], offlineReplicas=[]) to brokers Set(0) for partition cwct-all-events-no-key-test-1-0 (state.change.logger)
[2019-09-06 09:04:18,840] TRACE [Controller id=0 epoch=2] Sending UpdateMetadata request PartitionState(controllerEpoch=1, leader=0, leaderEpoch=0, isr=[0], zkVersion=0, replicas=[0], offlineReplicas=[]) to brokers Set(0) for partition cwct-cart-items-test-1-0 (state.change.logger)
[2019-09-06 09:04:18,900] TRACE [Controller id=0 epoch=2] Received response {error_code=0} for request UPDATE_METADATA with correlation id 0 sent to broker SAKSHAMA2012.pacific.costcotravel.com:9092 (id: 0 rack: null) (state.change.logger)
[2019-09-06 09:04:18,904] TRACE [Broker id=0] Received LeaderAndIsr request PartitionState(controllerEpoch=1, leader=0, leaderEpoch=0, isr=0, zkVersion=0, replicas=0, isNew=false) correlation id 1 from controller 0 epoch 2 for partition cwct-processed-events-test-1-0 (state.change.logger)
[2019-09-06 09:04:18,904] TRACE [Broker id=0] Received LeaderAndIsr request PartitionState(controllerEpoch=1, leader=0, leaderEpoch=0, isr=0, zkVersion=0, replicas=0, isNew=false) correlation id 1 from controller 0 epoch 2 for partition cwct-all-events-rekey-test-1-0 (state.change.logger)
[2019-09-06 09:04:18,904] TRACE [Broker id=0] Received LeaderAndIsr request PartitionState(controllerEpoch=1, leader=0, leaderEpoch=0, isr=0, zkVersion=0, replicas=0, isNew=false) correlation id 1 from controller 0 epoch 2 for partition cwct-all-events-no-key-test-1-0 (state.change.logger)
[2019-09-06 09:04:18,904] TRACE [Broker id=0] Received LeaderAndIsr request PartitionState(controllerEpoch=1, leader=0, leaderEpoch=0, isr=0, zkVersion=0, replicas=0, isNew=false) correlation id 1 from controller 0 epoch 2 for partition cwct-cart-items-test-1-0 (state.change.logger)
[2019-09-06 09:04:18,912] TRACE [Broker id=0] Handling LeaderAndIsr request correlationId 1 from controller 0 epoch 2 starting the become-leader transition for partition cwct-processed-events-test-1-0 (state.change.logger)
[2019-09-06 09:04:18,912] TRACE [Broker id=0] Handling LeaderAndIsr request correlationId 1 from controller 0 epoch 2 starting the become-leader transition for partition cwct-all-events-rekey-test-1-0 (state.change.logger)
[2019-09-06 09:04:18,912] TRACE [Broker id=0] Handling LeaderAndIsr request correlationId 1 from controller 0 epoch 2 starting the become-leader transition for partition cwct-all-events-no-key-test-1-0 (state.change.logger)
[2019-09-06 09:04:18,912] TRACE [Broker id=0] Handling LeaderAndIsr request correlationId 1 from controller 0 epoch 2 starting the become-leader transition for partition cwct-cart-items-test-1-0 (state.change.logger)
[2019-09-06 09:04:18,940] TRACE [Broker id=0] Stopped fetchers as part of become-leader request from controller 0 epoch 2 with correlation id 1 for partition cwct-processed-events-test-1-0 (last update controller epoch 1) (state.change.logger)
[2019-09-06 09:04:18,944] TRACE [Broker id=0] Stopped fetchers as part of become-leader request from controller 0 epoch 2 with correlation id 1 for partition cwct-all-events-rekey-test-1-0 (last update controller epoch 1) (state.change.logger)
[2019-09-06 09:04:18,949] TRACE [Broker id=0] Stopped fetchers as part of become-leader request from controller 0 epoch 2 with correlation id 1 for partition cwct-all-events-no-key-test-1-0 (last update controller epoch 1) (state.change.logger)
[2019-09-06 09:04:18,955] TRACE [Broker id=0] Stopped fetchers as part of become-leader request from controller 0 epoch 2 with correlation id 1 for partition cwct-cart-items-test-1-0 (last update controller epoch 1) (state.change.logger)
[2019-09-06 09:04:18,955] TRACE [Broker id=0] Completed LeaderAndIsr request correlationId 1 from controller 0 epoch 2 for the become-leader transition for partition cwct-processed-events-test-1-0 (state.change.logger)
[2019-09-06 09:04:18,955] TRACE [Broker id=0] Completed LeaderAndIsr request correlationId 1 from controller 0 epoch 2 for the become-leader transition for partition cwct-all-events-rekey-test-1-0 (state.change.logger)
[2019-09-06 09:04:18,955] TRACE [Broker id=0] Completed LeaderAndIsr request correlationId 1 from controller 0 epoch 2 for the become-leader transition for partition cwct-all-events-no-key-test-1-0 (state.change.logger)
[2019-09-06 09:04:18,955] TRACE [Broker id=0] Completed LeaderAndIsr request correlationId 1 from controller 0 epoch 2 for the become-leader transition for partition cwct-cart-items-test-1-0 (state.change.logger)
[2019-09-06 09:04:18,961] TRACE [Controller id=0 epoch=2] Received response {error_code=0,partitions=[{topic=cwct-processed-events-test-1,partition=0,error_code=0},{topic=cwct-all-events-rekey-test-1,partition=0,error_code=0},{topic=cwct-all-events-no-key-test-1,partition=0,error_code=0},{topic=cwct-cart-items-test-1,partition=0,error_code=0}]} for request LEADER_AND_ISR with correlation id 1 sent to broker SAKSHAMA2012.pacific.costcotravel.com:9092 (id: 0 rack: null) (state.change.logger)
[2019-09-06 09:04:18,966] TRACE [Broker id=0] Cached leader info PartitionState(controllerEpoch=1, leader=0, leaderEpoch=0, isr=[0], zkVersion=0, replicas=[0], offlineReplicas=[]) for partition cwct-processed-events-test-1-0 in response to UpdateMetadata request sent by controller 0 epoch 2 with correlation id 2 (state.change.logger)
[2019-09-06 09:04:18,966] TRACE [Broker id=0] Cached leader info PartitionState(controllerEpoch=1, leader=0, leaderEpoch=0, isr=[0], zkVersion=0, replicas=[0], offlineReplicas=[]) for partition cwct-all-events-rekey-test-1-0 in response to UpdateMetadata request sent by controller 0 epoch 2 with correlation id 2 (state.change.logger)
[2019-09-06 09:04:18,966] TRACE [Broker id=0] Cached leader info PartitionState(controllerEpoch=1, leader=0, leaderEpoch=0, isr=[0], zkVersion=0, replicas=[0], offlineReplicas=[]) for partition cwct-all-events-no-key-test-1-0 in response to UpdateMetadata request sent by controller 0 epoch 2 with correlation id 2 (state.change.logger)
[2019-09-06 09:04:18,966] TRACE [Broker id=0] Cached leader info PartitionState(controllerEpoch=1, leader=0, leaderEpoch=0, isr=[0], zkVersion=0, replicas=[0], offlineReplicas=[]) for partition cwct-cart-items-test-1-0 in response to UpdateMetadata request sent by controller 0 epoch 2 with correlation id 2 (state.change.logger)
[2019-09-06 09:04:18,967] TRACE [Controller id=0 epoch=2] Received response {error_code=0} for request UPDATE_METADATA with correlation id 2 sent to broker SAKSHAMA2012.pacific.costcotravel.com:9092 (id: 0 rack: null) (state.change.logger)
