[2019-07-25 16:32:25,686] INFO Shutting down the log cleaner. (kafka.log.LogCleaner)
[2019-07-25 16:32:25,688] INFO [kafka-log-cleaner-thread-0]: Shutting down (kafka.log.LogCleaner)
[2019-07-25 16:32:25,688] INFO [kafka-log-cleaner-thread-0]: Stopped (kafka.log.LogCleaner)
[2019-07-25 16:32:25,688] INFO [kafka-log-cleaner-thread-0]: Shutdown completed (kafka.log.LogCleaner)
[2019-07-29 13:27:30,029] INFO Starting the log cleaner (kafka.log.LogCleaner)
[2019-07-29 13:27:30,162] INFO [kafka-log-cleaner-thread-0]: Starting (kafka.log.LogCleaner)
[2019-07-29 14:45:17,526] INFO Shutting down the log cleaner. (kafka.log.LogCleaner)
[2019-07-29 14:45:17,527] INFO [kafka-log-cleaner-thread-0]: Shutting down (kafka.log.LogCleaner)
[2019-07-29 14:45:17,527] INFO [kafka-log-cleaner-thread-0]: Stopped (kafka.log.LogCleaner)
[2019-07-29 14:45:17,527] INFO [kafka-log-cleaner-thread-0]: Shutdown completed (kafka.log.LogCleaner)
[2019-07-29 15:29:07,285] INFO Starting the log cleaner (kafka.log.LogCleaner)
[2019-07-29 15:29:07,413] INFO [kafka-log-cleaner-thread-0]: Starting (kafka.log.LogCleaner)
[2019-07-29 16:36:04,731] INFO Shutting down the log cleaner. (kafka.log.LogCleaner)
[2019-07-29 16:36:04,733] INFO [kafka-log-cleaner-thread-0]: Shutting down (kafka.log.LogCleaner)
[2019-07-29 16:36:04,733] INFO [kafka-log-cleaner-thread-0]: Stopped (kafka.log.LogCleaner)
[2019-07-29 16:36:04,733] INFO [kafka-log-cleaner-thread-0]: Shutdown completed (kafka.log.LogCleaner)
[2019-07-30 09:22:38,556] INFO Starting the log cleaner (kafka.log.LogCleaner)
[2019-07-30 09:22:38,684] INFO [kafka-log-cleaner-thread-0]: Starting (kafka.log.LogCleaner)
[2019-07-30 14:24:07,416] INFO Shutting down the log cleaner. (kafka.log.LogCleaner)
[2019-07-30 14:24:07,418] INFO [kafka-log-cleaner-thread-0]: Shutting down (kafka.log.LogCleaner)
[2019-07-30 14:24:07,418] INFO [kafka-log-cleaner-thread-0]: Stopped (kafka.log.LogCleaner)
[2019-07-30 14:24:07,418] INFO [kafka-log-cleaner-thread-0]: Shutdown completed (kafka.log.LogCleaner)
[2019-07-30 16:03:20,265] INFO Starting the log cleaner (kafka.log.LogCleaner)
[2019-07-30 16:03:20,395] INFO [kafka-log-cleaner-thread-0]: Starting (kafka.log.LogCleaner)
[2019-07-30 16:34:52,389] INFO Shutting down the log cleaner. (kafka.log.LogCleaner)
[2019-07-30 16:34:52,390] INFO [kafka-log-cleaner-thread-0]: Shutting down (kafka.log.LogCleaner)
[2019-07-30 16:34:52,390] INFO [kafka-log-cleaner-thread-0]: Stopped (kafka.log.LogCleaner)
[2019-07-30 16:34:52,390] INFO [kafka-log-cleaner-thread-0]: Shutdown completed (kafka.log.LogCleaner)
[2019-07-31 16:51:01,633] INFO Starting the log cleaner (kafka.log.LogCleaner)
[2019-07-31 16:51:01,761] INFO [kafka-log-cleaner-thread-0]: Starting (kafka.log.LogCleaner)
[2019-07-31 16:51:48,866] INFO Starting the log cleaner (kafka.log.LogCleaner)
[2019-07-31 16:51:48,983] INFO [kafka-log-cleaner-thread-0]: Starting (kafka.log.LogCleaner)
[2019-07-31 16:53:33,928] INFO Starting the log cleaner (kafka.log.LogCleaner)
[2019-07-31 16:53:34,046] INFO [kafka-log-cleaner-thread-0]: Starting (kafka.log.LogCleaner)
[2019-08-01 08:32:19,873] INFO Shutting down the log cleaner. (kafka.log.LogCleaner)
[2019-08-01 08:32:19,874] INFO [kafka-log-cleaner-thread-0]: Shutting down (kafka.log.LogCleaner)
[2019-08-01 08:32:19,875] INFO [kafka-log-cleaner-thread-0]: Stopped (kafka.log.LogCleaner)
[2019-08-01 08:32:19,875] INFO [kafka-log-cleaner-thread-0]: Shutdown completed (kafka.log.LogCleaner)
[2019-08-01 10:41:51,193] INFO Starting the log cleaner (kafka.log.LogCleaner)
[2019-08-01 10:41:51,319] INFO [kafka-log-cleaner-thread-0]: Starting (kafka.log.LogCleaner)
[2019-08-01 16:11:32,924] INFO Shutting down the log cleaner. (kafka.log.LogCleaner)
[2019-08-01 16:11:32,925] INFO [kafka-log-cleaner-thread-0]: Shutting down (kafka.log.LogCleaner)
[2019-08-01 16:11:32,926] INFO [kafka-log-cleaner-thread-0]: Stopped (kafka.log.LogCleaner)
[2019-08-01 16:11:32,926] INFO [kafka-log-cleaner-thread-0]: Shutdown completed (kafka.log.LogCleaner)
[2019-08-06 16:04:55,907] INFO Starting the log cleaner (kafka.log.LogCleaner)
[2019-08-06 16:04:56,030] INFO [kafka-log-cleaner-thread-0]: Starting (kafka.log.LogCleaner)
[2019-08-06 16:31:36,911] INFO Shutting down the log cleaner. (kafka.log.LogCleaner)
[2019-08-06 16:31:36,911] INFO [kafka-log-cleaner-thread-0]: Shutting down (kafka.log.LogCleaner)
[2019-08-06 16:31:36,912] INFO [kafka-log-cleaner-thread-0]: Stopped (kafka.log.LogCleaner)
[2019-08-06 16:31:36,912] INFO [kafka-log-cleaner-thread-0]: Shutdown completed (kafka.log.LogCleaner)
[2019-08-07 09:02:22,353] INFO Starting the log cleaner (kafka.log.LogCleaner)
[2019-08-07 09:02:22,474] INFO [kafka-log-cleaner-thread-0]: Starting (kafka.log.LogCleaner)
[2019-08-07 09:05:24,073] INFO Shutting down the log cleaner. (kafka.log.LogCleaner)
[2019-08-07 09:05:24,073] INFO [kafka-log-cleaner-thread-0]: Shutting down (kafka.log.LogCleaner)
[2019-08-07 09:05:24,074] INFO [kafka-log-cleaner-thread-0]: Stopped (kafka.log.LogCleaner)
[2019-08-07 09:05:24,074] INFO [kafka-log-cleaner-thread-0]: Shutdown completed (kafka.log.LogCleaner)
[2019-08-07 09:05:51,609] INFO Starting the log cleaner (kafka.log.LogCleaner)
[2019-08-07 09:05:51,731] INFO [kafka-log-cleaner-thread-0]: Starting (kafka.log.LogCleaner)
[2019-08-07 09:06:37,760] INFO Shutting down the log cleaner. (kafka.log.LogCleaner)
[2019-08-07 09:06:37,761] INFO [kafka-log-cleaner-thread-0]: Shutting down (kafka.log.LogCleaner)
[2019-08-07 09:06:37,761] INFO [kafka-log-cleaner-thread-0]: Stopped (kafka.log.LogCleaner)
[2019-08-07 09:06:37,761] INFO [kafka-log-cleaner-thread-0]: Shutdown completed (kafka.log.LogCleaner)
[2019-08-07 09:07:24,311] INFO Starting the log cleaner (kafka.log.LogCleaner)
[2019-08-07 09:07:24,436] INFO [kafka-log-cleaner-thread-0]: Starting (kafka.log.LogCleaner)
[2019-08-07 16:29:43,552] INFO Shutting down the log cleaner. (kafka.log.LogCleaner)
[2019-08-07 16:29:43,553] INFO [kafka-log-cleaner-thread-0]: Shutting down (kafka.log.LogCleaner)
[2019-08-07 16:29:43,554] INFO [kafka-log-cleaner-thread-0]: Stopped (kafka.log.LogCleaner)
[2019-08-07 16:29:43,554] INFO [kafka-log-cleaner-thread-0]: Shutdown completed (kafka.log.LogCleaner)
[2019-08-08 11:17:58,317] INFO Starting the log cleaner (kafka.log.LogCleaner)
[2019-08-08 11:17:58,456] INFO [kafka-log-cleaner-thread-0]: Starting (kafka.log.LogCleaner)
[2019-08-08 11:21:59,573] INFO Shutting down the log cleaner. (kafka.log.LogCleaner)
[2019-08-08 11:21:59,573] INFO [kafka-log-cleaner-thread-0]: Shutting down (kafka.log.LogCleaner)
[2019-08-08 11:21:59,573] INFO [kafka-log-cleaner-thread-0]: Stopped (kafka.log.LogCleaner)
[2019-08-08 11:21:59,573] INFO [kafka-log-cleaner-thread-0]: Shutdown completed (kafka.log.LogCleaner)
[2019-08-08 11:41:27,989] INFO Starting the log cleaner (kafka.log.LogCleaner)
[2019-08-08 11:41:28,116] INFO [kafka-log-cleaner-thread-0]: Starting (kafka.log.LogCleaner)
[2019-08-09 12:53:03,471] INFO Shutting down the log cleaner. (kafka.log.LogCleaner)
[2019-08-09 12:53:03,473] INFO [kafka-log-cleaner-thread-0]: Shutting down (kafka.log.LogCleaner)
[2019-08-09 12:53:03,473] INFO [kafka-log-cleaner-thread-0]: Stopped (kafka.log.LogCleaner)
[2019-08-09 12:53:03,473] INFO [kafka-log-cleaner-thread-0]: Shutdown completed (kafka.log.LogCleaner)
[2019-08-09 14:51:48,857] INFO Starting the log cleaner (kafka.log.LogCleaner)
[2019-08-09 14:51:48,989] INFO [kafka-log-cleaner-thread-0]: Starting (kafka.log.LogCleaner)
[2019-08-09 16:13:09,264] INFO Shutting down the log cleaner. (kafka.log.LogCleaner)
[2019-08-09 16:13:09,266] INFO [kafka-log-cleaner-thread-0]: Shutting down (kafka.log.LogCleaner)
[2019-08-09 16:13:09,266] INFO [kafka-log-cleaner-thread-0]: Stopped (kafka.log.LogCleaner)
[2019-08-09 16:13:09,266] INFO [kafka-log-cleaner-thread-0]: Shutdown completed (kafka.log.LogCleaner)
[2019-08-12 08:22:43,696] INFO Starting the log cleaner (kafka.log.LogCleaner)
[2019-08-12 08:22:43,832] INFO [kafka-log-cleaner-thread-0]: Starting (kafka.log.LogCleaner)
[2019-08-12 08:59:19,081] INFO Shutting down the log cleaner. (kafka.log.LogCleaner)
[2019-08-12 08:59:19,081] INFO [kafka-log-cleaner-thread-0]: Shutting down (kafka.log.LogCleaner)
[2019-08-12 08:59:19,082] INFO [kafka-log-cleaner-thread-0]: Stopped (kafka.log.LogCleaner)
[2019-08-12 08:59:19,082] INFO [kafka-log-cleaner-thread-0]: Shutdown completed (kafka.log.LogCleaner)
[2019-08-12 09:22:08,277] INFO Starting the log cleaner (kafka.log.LogCleaner)
[2019-08-12 09:22:08,411] INFO [kafka-log-cleaner-thread-0]: Starting (kafka.log.LogCleaner)
[2019-08-13 15:50:57,973] INFO Shutting down the log cleaner. (kafka.log.LogCleaner)
[2019-08-13 15:50:57,975] INFO [kafka-log-cleaner-thread-0]: Shutting down (kafka.log.LogCleaner)
[2019-08-13 15:50:57,975] INFO [kafka-log-cleaner-thread-0]: Stopped (kafka.log.LogCleaner)
[2019-08-13 15:50:57,975] INFO [kafka-log-cleaner-thread-0]: Shutdown completed (kafka.log.LogCleaner)
[2019-08-13 16:13:46,399] INFO Starting the log cleaner (kafka.log.LogCleaner)
[2019-08-13 16:13:46,540] INFO [kafka-log-cleaner-thread-0]: Starting (kafka.log.LogCleaner)
[2019-08-14 07:57:22,723] INFO Shutting down the log cleaner. (kafka.log.LogCleaner)
[2019-08-14 07:57:22,725] INFO [kafka-log-cleaner-thread-0]: Shutting down (kafka.log.LogCleaner)
[2019-08-14 07:57:22,725] INFO [kafka-log-cleaner-thread-0]: Stopped (kafka.log.LogCleaner)
[2019-08-14 07:57:22,725] INFO [kafka-log-cleaner-thread-0]: Shutdown completed (kafka.log.LogCleaner)
[2019-08-14 08:03:53,353] INFO Starting the log cleaner (kafka.log.LogCleaner)
[2019-08-14 08:03:53,492] INFO [kafka-log-cleaner-thread-0]: Starting (kafka.log.LogCleaner)
[2019-08-14 09:34:24,591] INFO Cleaner 0: Beginning cleaning of log __consumer_offsets-18. (kafka.log.LogCleaner)
[2019-08-14 09:34:24,593] INFO Cleaner 0: Building offset map for __consumer_offsets-18... (kafka.log.LogCleaner)
[2019-08-14 09:34:24,635] INFO Cleaner 0: Building offset map for log __consumer_offsets-18 for 1 segments in offset range [0, 11). (kafka.log.LogCleaner)
[2019-08-14 09:34:24,661] INFO Cleaner 0: Offset map for log __consumer_offsets-18 complete. (kafka.log.LogCleaner)
[2019-08-14 09:34:24,671] INFO Cleaner 0: Cleaning log __consumer_offsets-18 (cleaning prior to Mon Aug 12 11:50:41 PDT 2019, discarding tombstones prior to Wed Dec 31 16:00:00 PST 1969)... (kafka.log.LogCleaner)
[2019-08-14 09:34:24,675] INFO Cleaner 0: Cleaning segment 0 in log __consumer_offsets-18 (largest timestamp Mon Aug 12 11:50:41 PDT 2019) into 0, retaining deletes. (kafka.log.LogCleaner)
[2019-08-14 09:34:24,686] INFO Cleaner 0: Swapping in cleaned segment LogSegment(baseOffset=0, size=696) for segment(s) List(LogSegment(baseOffset=0, size=2386)) in log Log(D:\tmp\kafka-logs\__consumer_offsets-18) (kafka.log.LogCleaner)
[2019-08-14 09:34:24,712] INFO Cleaner 0: Beginning cleaning of log __consumer_offsets-18. (kafka.log.LogCleaner)
[2019-08-14 09:34:24,712] INFO Cleaner 0: Building offset map for __consumer_offsets-18... (kafka.log.LogCleaner)
[2019-08-14 09:34:24,781] INFO Cleaner 0: Building offset map for log __consumer_offsets-18 for 1 segments in offset range [0, 11). (kafka.log.LogCleaner)
[2019-08-14 09:34:24,782] INFO Cleaner 0: Offset map for log __consumer_offsets-18 complete. (kafka.log.LogCleaner)
[2019-08-14 09:34:24,782] INFO Cleaner 0: Cleaning log __consumer_offsets-18 (cleaning prior to Mon Aug 12 11:50:41 PDT 2019, discarding tombstones prior to Wed Dec 31 16:00:00 PST 1969)... (kafka.log.LogCleaner)
[2019-08-14 09:35:19,099] INFO Starting the log cleaner (kafka.log.LogCleaner)
[2019-08-14 09:35:19,222] INFO [kafka-log-cleaner-thread-0]: Starting (kafka.log.LogCleaner)
[2019-08-14 09:35:19,252] INFO Cleaner 0: Beginning cleaning of log __consumer_offsets-18. (kafka.log.LogCleaner)
[2019-08-14 09:35:19,252] INFO Cleaner 0: Building offset map for __consumer_offsets-18... (kafka.log.LogCleaner)
[2019-08-14 09:35:19,295] INFO Cleaner 0: Building offset map for log __consumer_offsets-18 for 1 segments in offset range [0, 11). (kafka.log.LogCleaner)
[2019-08-14 09:35:19,319] INFO Cleaner 0: Offset map for log __consumer_offsets-18 complete. (kafka.log.LogCleaner)
[2019-08-14 09:35:19,328] INFO Cleaner 0: Cleaning log __consumer_offsets-18 (cleaning prior to Mon Aug 12 11:50:41 PDT 2019, discarding tombstones prior to Wed Dec 31 16:00:00 PST 1969)... (kafka.log.LogCleaner)
[2019-08-14 09:35:19,333] INFO Cleaner 0: Cleaning segment 0 in log __consumer_offsets-18 (largest timestamp Mon Aug 12 11:50:41 PDT 2019) into 0, retaining deletes. (kafka.log.LogCleaner)
[2019-08-14 09:35:19,348] INFO Cleaner 0: Swapping in cleaned segment LogSegment(baseOffset=0, size=696) for segment(s) List(LogSegment(baseOffset=0, size=2386)) in log Log(D:\tmp\kafka-logs\__consumer_offsets-18) (kafka.log.LogCleaner)
[2019-08-14 09:35:19,391] INFO Cleaner 0: Beginning cleaning of log __consumer_offsets-18. (kafka.log.LogCleaner)
[2019-08-14 09:35:19,392] INFO Cleaner 0: Building offset map for __consumer_offsets-18... (kafka.log.LogCleaner)
[2019-08-14 09:35:19,467] INFO Cleaner 0: Building offset map for log __consumer_offsets-18 for 1 segments in offset range [0, 11). (kafka.log.LogCleaner)
[2019-08-14 09:35:19,468] INFO Cleaner 0: Offset map for log __consumer_offsets-18 complete. (kafka.log.LogCleaner)
[2019-08-14 09:35:19,468] INFO Cleaner 0: Cleaning log __consumer_offsets-18 (cleaning prior to Mon Aug 12 11:50:41 PDT 2019, discarding tombstones prior to Wed Dec 31 16:00:00 PST 1969)... (kafka.log.LogCleaner)
[2019-08-14 09:35:19,485] INFO Cleaner 0: Beginning cleaning of log __consumer_offsets-18. (kafka.log.LogCleaner)
[2019-08-14 09:35:19,485] INFO Cleaner 0: Building offset map for __consumer_offsets-18... (kafka.log.LogCleaner)
[2019-08-14 09:35:19,507] INFO Cleaner 0: Building offset map for log __consumer_offsets-18 for 1 segments in offset range [0, 11). (kafka.log.LogCleaner)
[2019-08-14 09:35:19,508] INFO Cleaner 0: Offset map for log __consumer_offsets-18 complete. (kafka.log.LogCleaner)
[2019-08-14 09:35:19,508] INFO Cleaner 0: Cleaning log __consumer_offsets-18 (cleaning prior to Mon Aug 12 11:50:41 PDT 2019, discarding tombstones prior to Wed Dec 31 16:00:00 PST 1969)... (kafka.log.LogCleaner)
[2019-08-14 09:35:19,531] INFO Cleaner 0: Beginning cleaning of log __consumer_offsets-18. (kafka.log.LogCleaner)
[2019-08-14 09:35:19,531] INFO Cleaner 0: Building offset map for __consumer_offsets-18... (kafka.log.LogCleaner)
[2019-08-14 09:35:19,554] INFO Cleaner 0: Building offset map for log __consumer_offsets-18 for 1 segments in offset range [0, 11). (kafka.log.LogCleaner)
[2019-08-14 09:35:19,555] INFO Cleaner 0: Offset map for log __consumer_offsets-18 complete. (kafka.log.LogCleaner)
[2019-08-14 09:35:19,555] INFO Cleaner 0: Cleaning log __consumer_offsets-18 (cleaning prior to Mon Aug 12 11:50:41 PDT 2019, discarding tombstones prior to Wed Dec 31 16:00:00 PST 1969)... (kafka.log.LogCleaner)
[2019-08-14 09:35:19,582] INFO Cleaner 0: Beginning cleaning of log __consumer_offsets-18. (kafka.log.LogCleaner)
[2019-08-14 09:35:19,583] INFO Cleaner 0: Building offset map for __consumer_offsets-18... (kafka.log.LogCleaner)
[2019-08-14 09:35:19,606] INFO Cleaner 0: Building offset map for log __consumer_offsets-18 for 1 segments in offset range [0, 11). (kafka.log.LogCleaner)
[2019-08-14 09:35:19,608] INFO Cleaner 0: Offset map for log __consumer_offsets-18 complete. (kafka.log.LogCleaner)
[2019-08-14 09:35:19,608] INFO Cleaner 0: Cleaning log __consumer_offsets-18 (cleaning prior to Mon Aug 12 11:50:41 PDT 2019, discarding tombstones prior to Wed Dec 31 16:00:00 PST 1969)... (kafka.log.LogCleaner)
[2019-08-14 09:35:19,610] INFO Cleaner 0: Cleaning segment 0 in log __consumer_offsets-18 (largest timestamp Mon Aug 12 11:50:41 PDT 2019) into 0, retaining deletes. (kafka.log.LogCleaner)
[2019-08-14 09:35:19,621] INFO Cleaner 0: Swapping in cleaned segment LogSegment(baseOffset=0, size=696) for segment(s) List(LogSegment(baseOffset=0, size=2386)) in log Log(D:\tmp\kafka-logs\__consumer_offsets-18) (kafka.log.LogCleaner)
[2019-08-14 09:36:20,611] INFO Starting the log cleaner (kafka.log.LogCleaner)
[2019-08-14 09:36:20,733] INFO [kafka-log-cleaner-thread-0]: Starting (kafka.log.LogCleaner)
[2019-08-14 09:36:20,763] INFO Cleaner 0: Beginning cleaning of log __consumer_offsets-18. (kafka.log.LogCleaner)
[2019-08-14 09:36:20,764] INFO Cleaner 0: Building offset map for __consumer_offsets-18... (kafka.log.LogCleaner)
[2019-08-14 09:36:20,801] INFO Cleaner 0: Building offset map for log __consumer_offsets-18 for 1 segments in offset range [0, 11). (kafka.log.LogCleaner)
[2019-08-14 09:36:20,825] INFO Cleaner 0: Offset map for log __consumer_offsets-18 complete. (kafka.log.LogCleaner)
[2019-08-14 09:36:20,834] INFO Cleaner 0: Cleaning log __consumer_offsets-18 (cleaning prior to Mon Aug 12 11:50:41 PDT 2019, discarding tombstones prior to Wed Dec 31 16:00:00 PST 1969)... (kafka.log.LogCleaner)
[2019-08-14 09:36:20,839] INFO Cleaner 0: Cleaning segment 0 in log __consumer_offsets-18 (largest timestamp Mon Aug 12 11:50:41 PDT 2019) into 0, retaining deletes. (kafka.log.LogCleaner)
[2019-08-14 09:36:20,853] INFO Cleaner 0: Swapping in cleaned segment LogSegment(baseOffset=0, size=696) for segment(s) List(LogSegment(baseOffset=0, size=2386)) in log Log(D:\tmp\kafka-logs\__consumer_offsets-18) (kafka.log.LogCleaner)
[2019-08-14 09:36:20,897] INFO Cleaner 0: Beginning cleaning of log __consumer_offsets-18. (kafka.log.LogCleaner)
[2019-08-14 09:36:20,897] INFO Cleaner 0: Building offset map for __consumer_offsets-18... (kafka.log.LogCleaner)
[2019-08-14 09:36:20,929] INFO Cleaner 0: Building offset map for log __consumer_offsets-18 for 1 segments in offset range [0, 11). (kafka.log.LogCleaner)
[2019-08-14 09:36:20,930] INFO Cleaner 0: Offset map for log __consumer_offsets-18 complete. (kafka.log.LogCleaner)
[2019-08-14 09:36:20,930] INFO Cleaner 0: Cleaning log __consumer_offsets-18 (cleaning prior to Mon Aug 12 11:50:41 PDT 2019, discarding tombstones prior to Wed Dec 31 16:00:00 PST 1969)... (kafka.log.LogCleaner)
[2019-08-14 09:36:20,957] INFO Cleaner 0: Beginning cleaning of log __consumer_offsets-18. (kafka.log.LogCleaner)
[2019-08-14 09:36:20,957] INFO Cleaner 0: Building offset map for __consumer_offsets-18... (kafka.log.LogCleaner)
[2019-08-14 09:36:20,981] INFO Cleaner 0: Building offset map for log __consumer_offsets-18 for 1 segments in offset range [0, 11). (kafka.log.LogCleaner)
[2019-08-14 09:36:20,982] INFO Cleaner 0: Offset map for log __consumer_offsets-18 complete. (kafka.log.LogCleaner)
[2019-08-14 09:36:20,982] INFO Cleaner 0: Cleaning log __consumer_offsets-18 (cleaning prior to Mon Aug 12 11:50:41 PDT 2019, discarding tombstones prior to Wed Dec 31 16:00:00 PST 1969)... (kafka.log.LogCleaner)
[2019-08-14 09:36:21,015] INFO Cleaner 0: Beginning cleaning of log __consumer_offsets-18. (kafka.log.LogCleaner)
[2019-08-14 09:36:21,015] INFO Cleaner 0: Building offset map for __consumer_offsets-18... (kafka.log.LogCleaner)
[2019-08-14 09:36:21,039] INFO Cleaner 0: Building offset map for log __consumer_offsets-18 for 1 segments in offset range [0, 11). (kafka.log.LogCleaner)
[2019-08-14 09:36:21,041] INFO Cleaner 0: Offset map for log __consumer_offsets-18 complete. (kafka.log.LogCleaner)
[2019-08-14 09:36:21,041] INFO Cleaner 0: Cleaning log __consumer_offsets-18 (cleaning prior to Mon Aug 12 11:50:41 PDT 2019, discarding tombstones prior to Wed Dec 31 16:00:00 PST 1969)... (kafka.log.LogCleaner)
[2019-08-14 09:36:21,060] INFO Cleaner 0: Beginning cleaning of log __consumer_offsets-18. (kafka.log.LogCleaner)
[2019-08-14 09:36:21,060] INFO Cleaner 0: Building offset map for __consumer_offsets-18... (kafka.log.LogCleaner)
[2019-08-14 09:36:21,096] INFO Cleaner 0: Building offset map for log __consumer_offsets-18 for 1 segments in offset range [0, 11). (kafka.log.LogCleaner)
[2019-08-14 09:36:21,097] INFO Cleaner 0: Offset map for log __consumer_offsets-18 complete. (kafka.log.LogCleaner)
[2019-08-14 09:36:21,097] INFO Cleaner 0: Cleaning log __consumer_offsets-18 (cleaning prior to Mon Aug 12 11:50:41 PDT 2019, discarding tombstones prior to Wed Dec 31 16:00:00 PST 1969)... (kafka.log.LogCleaner)
[2019-08-14 09:36:21,130] INFO Cleaner 0: Beginning cleaning of log __consumer_offsets-18. (kafka.log.LogCleaner)
[2019-08-14 09:36:21,130] INFO Cleaner 0: Building offset map for __consumer_offsets-18... (kafka.log.LogCleaner)
[2019-08-14 09:36:21,152] INFO Cleaner 0: Building offset map for log __consumer_offsets-18 for 1 segments in offset range [0, 11). (kafka.log.LogCleaner)
[2019-08-14 09:36:21,154] INFO Cleaner 0: Offset map for log __consumer_offsets-18 complete. (kafka.log.LogCleaner)
[2019-08-14 09:36:21,155] INFO Cleaner 0: Cleaning log __consumer_offsets-18 (cleaning prior to Mon Aug 12 11:50:41 PDT 2019, discarding tombstones prior to Wed Dec 31 16:00:00 PST 1969)... (kafka.log.LogCleaner)
[2019-08-14 09:36:21,156] INFO Cleaner 0: Cleaning segment 0 in log __consumer_offsets-18 (largest timestamp Mon Aug 12 11:50:41 PDT 2019) into 0, retaining deletes. (kafka.log.LogCleaner)
[2019-08-14 09:36:21,164] INFO Cleaner 0: Swapping in cleaned segment LogSegment(baseOffset=0, size=696) for segment(s) List(LogSegment(baseOffset=0, size=2386)) in log Log(D:\tmp\kafka-logs\__consumer_offsets-18) (kafka.log.LogCleaner)
[2019-08-14 09:36:21,199] INFO Cleaner 0: Beginning cleaning of log __consumer_offsets-18. (kafka.log.LogCleaner)
[2019-08-14 09:36:21,199] INFO Cleaner 0: Building offset map for __consumer_offsets-18... (kafka.log.LogCleaner)
[2019-08-14 09:37:33,052] INFO Starting the log cleaner (kafka.log.LogCleaner)
[2019-08-14 09:37:33,175] INFO [kafka-log-cleaner-thread-0]: Starting (kafka.log.LogCleaner)
[2019-08-14 09:37:33,206] INFO Cleaner 0: Beginning cleaning of log __consumer_offsets-18. (kafka.log.LogCleaner)
[2019-08-14 09:37:33,206] INFO Cleaner 0: Building offset map for __consumer_offsets-18... (kafka.log.LogCleaner)
[2019-08-14 09:37:33,235] INFO Cleaner 0: Building offset map for log __consumer_offsets-18 for 1 segments in offset range [0, 11). (kafka.log.LogCleaner)
[2019-08-14 09:37:33,259] INFO Cleaner 0: Offset map for log __consumer_offsets-18 complete. (kafka.log.LogCleaner)
[2019-08-14 09:37:33,267] INFO Cleaner 0: Cleaning log __consumer_offsets-18 (cleaning prior to Mon Aug 12 11:50:41 PDT 2019, discarding tombstones prior to Wed Dec 31 16:00:00 PST 1969)... (kafka.log.LogCleaner)
[2019-08-14 09:37:33,272] INFO Cleaner 0: Cleaning segment 0 in log __consumer_offsets-18 (largest timestamp Mon Aug 12 11:50:41 PDT 2019) into 0, retaining deletes. (kafka.log.LogCleaner)
[2019-08-14 09:37:33,285] INFO Cleaner 0: Swapping in cleaned segment LogSegment(baseOffset=0, size=696) for segment(s) List(LogSegment(baseOffset=0, size=2386)) in log Log(D:\tmp\kafka-logs\__consumer_offsets-18) (kafka.log.LogCleaner)
[2019-08-14 09:37:33,325] INFO Cleaner 0: Beginning cleaning of log __consumer_offsets-18. (kafka.log.LogCleaner)
[2019-08-14 09:37:33,325] INFO Cleaner 0: Building offset map for __consumer_offsets-18... (kafka.log.LogCleaner)
[2019-08-14 09:37:33,361] INFO Cleaner 0: Building offset map for log __consumer_offsets-18 for 1 segments in offset range [0, 11). (kafka.log.LogCleaner)
[2019-08-14 09:37:33,362] INFO Cleaner 0: Offset map for log __consumer_offsets-18 complete. (kafka.log.LogCleaner)
[2019-08-14 09:37:33,362] INFO Cleaner 0: Cleaning log __consumer_offsets-18 (cleaning prior to Mon Aug 12 11:50:41 PDT 2019, discarding tombstones prior to Wed Dec 31 16:00:00 PST 1969)... (kafka.log.LogCleaner)
[2019-08-14 09:37:33,380] INFO Cleaner 0: Beginning cleaning of log __consumer_offsets-18. (kafka.log.LogCleaner)
[2019-08-14 09:37:33,380] INFO Cleaner 0: Building offset map for __consumer_offsets-18... (kafka.log.LogCleaner)
[2019-08-14 09:37:33,401] INFO Cleaner 0: Building offset map for log __consumer_offsets-18 for 1 segments in offset range [0, 11). (kafka.log.LogCleaner)
[2019-08-14 09:37:33,402] INFO Cleaner 0: Offset map for log __consumer_offsets-18 complete. (kafka.log.LogCleaner)
[2019-08-14 09:37:33,403] INFO Cleaner 0: Cleaning log __consumer_offsets-18 (cleaning prior to Mon Aug 12 11:50:41 PDT 2019, discarding tombstones prior to Wed Dec 31 16:00:00 PST 1969)... (kafka.log.LogCleaner)
[2019-08-14 09:37:33,436] INFO Cleaner 0: Beginning cleaning of log __consumer_offsets-18. (kafka.log.LogCleaner)
[2019-08-14 09:37:33,436] INFO Cleaner 0: Building offset map for __consumer_offsets-18... (kafka.log.LogCleaner)
[2019-08-14 09:37:33,458] INFO Cleaner 0: Building offset map for log __consumer_offsets-18 for 1 segments in offset range [0, 11). (kafka.log.LogCleaner)
[2019-08-14 09:37:33,459] INFO Cleaner 0: Offset map for log __consumer_offsets-18 complete. (kafka.log.LogCleaner)
[2019-08-14 09:37:33,459] INFO Cleaner 0: Cleaning log __consumer_offsets-18 (cleaning prior to Mon Aug 12 11:50:41 PDT 2019, discarding tombstones prior to Wed Dec 31 16:00:00 PST 1969)... (kafka.log.LogCleaner)
[2019-08-14 09:37:33,504] INFO Cleaner 0: Beginning cleaning of log __consumer_offsets-18. (kafka.log.LogCleaner)
[2019-08-14 09:37:33,504] INFO Cleaner 0: Building offset map for __consumer_offsets-18... (kafka.log.LogCleaner)
[2019-08-14 09:37:33,527] INFO Cleaner 0: Building offset map for log __consumer_offsets-18 for 1 segments in offset range [0, 11). (kafka.log.LogCleaner)
[2019-08-14 09:37:33,529] INFO Cleaner 0: Offset map for log __consumer_offsets-18 complete. (kafka.log.LogCleaner)
[2019-08-14 09:37:33,529] INFO Cleaner 0: Cleaning log __consumer_offsets-18 (cleaning prior to Mon Aug 12 11:50:41 PDT 2019, discarding tombstones prior to Wed Dec 31 16:00:00 PST 1969)... (kafka.log.LogCleaner)
[2019-08-14 09:37:33,530] INFO Cleaner 0: Cleaning segment 0 in log __consumer_offsets-18 (largest timestamp Mon Aug 12 11:50:41 PDT 2019) into 0, retaining deletes. (kafka.log.LogCleaner)
[2019-08-14 09:37:33,538] INFO Cleaner 0: Swapping in cleaned segment LogSegment(baseOffset=0, size=696) for segment(s) List(LogSegment(baseOffset=0, size=2386)) in log Log(D:\tmp\kafka-logs\__consumer_offsets-18) (kafka.log.LogCleaner)
[2019-08-14 09:38:37,513] INFO Starting the log cleaner (kafka.log.LogCleaner)
[2019-08-14 09:38:37,639] INFO [kafka-log-cleaner-thread-0]: Starting (kafka.log.LogCleaner)
[2019-08-14 09:42:16,922] INFO Shutting down the log cleaner. (kafka.log.LogCleaner)
[2019-08-14 09:42:16,923] INFO [kafka-log-cleaner-thread-0]: Shutting down (kafka.log.LogCleaner)
[2019-08-14 09:42:16,923] INFO [kafka-log-cleaner-thread-0]: Stopped (kafka.log.LogCleaner)
[2019-08-14 09:42:16,923] INFO [kafka-log-cleaner-thread-0]: Shutdown completed (kafka.log.LogCleaner)
[2019-08-14 09:42:58,235] INFO Starting the log cleaner (kafka.log.LogCleaner)
[2019-08-14 09:42:58,363] INFO [kafka-log-cleaner-thread-0]: Starting (kafka.log.LogCleaner)
[2019-08-14 09:44:07,372] INFO Starting the log cleaner (kafka.log.LogCleaner)
[2019-08-14 09:44:07,495] INFO [kafka-log-cleaner-thread-0]: Starting (kafka.log.LogCleaner)
[2019-08-14 09:50:27,932] INFO Shutting down the log cleaner. (kafka.log.LogCleaner)
[2019-08-14 09:50:27,932] INFO [kafka-log-cleaner-thread-0]: Shutting down (kafka.log.LogCleaner)
[2019-08-14 09:50:27,932] INFO [kafka-log-cleaner-thread-0]: Stopped (kafka.log.LogCleaner)
[2019-08-14 09:50:27,932] INFO [kafka-log-cleaner-thread-0]: Shutdown completed (kafka.log.LogCleaner)
[2019-08-14 10:54:25,435] INFO Starting the log cleaner (kafka.log.LogCleaner)
[2019-08-14 10:54:25,560] INFO [kafka-log-cleaner-thread-0]: Starting (kafka.log.LogCleaner)
[2019-08-14 11:22:39,949] INFO Shutting down the log cleaner. (kafka.log.LogCleaner)
[2019-08-14 11:22:39,950] INFO [kafka-log-cleaner-thread-0]: Shutting down (kafka.log.LogCleaner)
[2019-08-14 11:22:39,951] INFO [kafka-log-cleaner-thread-0]: Stopped (kafka.log.LogCleaner)
[2019-08-14 11:22:39,951] INFO [kafka-log-cleaner-thread-0]: Shutdown completed (kafka.log.LogCleaner)
[2019-08-14 11:23:15,402] INFO Starting the log cleaner (kafka.log.LogCleaner)
[2019-08-14 11:23:15,528] INFO [kafka-log-cleaner-thread-0]: Starting (kafka.log.LogCleaner)
[2019-08-14 13:02:40,629] INFO Shutting down the log cleaner. (kafka.log.LogCleaner)
[2019-08-14 13:02:40,630] INFO [kafka-log-cleaner-thread-0]: Shutting down (kafka.log.LogCleaner)
[2019-08-14 13:02:40,631] INFO [kafka-log-cleaner-thread-0]: Stopped (kafka.log.LogCleaner)
[2019-08-14 13:02:40,631] INFO [kafka-log-cleaner-thread-0]: Shutdown completed (kafka.log.LogCleaner)
[2019-08-14 13:05:18,343] INFO Starting the log cleaner (kafka.log.LogCleaner)
[2019-08-14 13:05:18,470] INFO [kafka-log-cleaner-thread-0]: Starting (kafka.log.LogCleaner)
[2019-08-14 13:17:17,599] INFO Starting the log cleaner (kafka.log.LogCleaner)
[2019-08-14 13:17:17,731] INFO [kafka-log-cleaner-thread-0]: Starting (kafka.log.LogCleaner)
[2019-08-14 13:20:02,440] INFO Shutting down the log cleaner. (kafka.log.LogCleaner)
[2019-08-14 13:20:02,440] INFO [kafka-log-cleaner-thread-0]: Shutting down (kafka.log.LogCleaner)
[2019-08-14 13:20:02,441] INFO [kafka-log-cleaner-thread-0]: Stopped (kafka.log.LogCleaner)
[2019-08-14 13:20:02,441] INFO [kafka-log-cleaner-thread-0]: Shutdown completed (kafka.log.LogCleaner)
[2019-08-14 13:20:25,267] INFO Starting the log cleaner (kafka.log.LogCleaner)
[2019-08-14 13:20:25,405] INFO [kafka-log-cleaner-thread-0]: Starting (kafka.log.LogCleaner)
[2019-08-14 13:23:06,493] INFO Shutting down the log cleaner. (kafka.log.LogCleaner)
[2019-08-14 13:23:06,493] INFO [kafka-log-cleaner-thread-0]: Shutting down (kafka.log.LogCleaner)
[2019-08-14 13:23:06,493] INFO [kafka-log-cleaner-thread-0]: Stopped (kafka.log.LogCleaner)
[2019-08-14 13:23:06,493] INFO [kafka-log-cleaner-thread-0]: Shutdown completed (kafka.log.LogCleaner)
[2019-08-14 13:27:08,343] INFO Starting the log cleaner (kafka.log.LogCleaner)
[2019-08-14 13:27:08,471] INFO [kafka-log-cleaner-thread-0]: Starting (kafka.log.LogCleaner)
[2019-08-14 13:27:58,976] INFO Starting the log cleaner (kafka.log.LogCleaner)
[2019-08-14 13:27:59,108] INFO [kafka-log-cleaner-thread-0]: Starting (kafka.log.LogCleaner)
[2019-08-14 13:30:26,353] INFO Shutting down the log cleaner. (kafka.log.LogCleaner)
[2019-08-14 13:30:26,353] INFO [kafka-log-cleaner-thread-0]: Shutting down (kafka.log.LogCleaner)
[2019-08-14 13:30:26,353] INFO [kafka-log-cleaner-thread-0]: Stopped (kafka.log.LogCleaner)
[2019-08-14 13:30:26,354] INFO [kafka-log-cleaner-thread-0]: Shutdown completed (kafka.log.LogCleaner)
[2019-08-14 13:30:38,438] INFO Starting the log cleaner (kafka.log.LogCleaner)
[2019-08-14 13:30:38,566] INFO [kafka-log-cleaner-thread-0]: Starting (kafka.log.LogCleaner)
[2019-08-14 13:34:50,066] INFO Shutting down the log cleaner. (kafka.log.LogCleaner)
[2019-08-14 13:34:50,066] INFO [kafka-log-cleaner-thread-0]: Shutting down (kafka.log.LogCleaner)
[2019-08-14 13:34:50,067] INFO [kafka-log-cleaner-thread-0]: Stopped (kafka.log.LogCleaner)
[2019-08-14 13:34:50,067] INFO [kafka-log-cleaner-thread-0]: Shutdown completed (kafka.log.LogCleaner)
[2019-08-14 13:35:54,275] INFO Starting the log cleaner (kafka.log.LogCleaner)
[2019-08-14 13:35:54,401] INFO [kafka-log-cleaner-thread-0]: Starting (kafka.log.LogCleaner)
[2019-08-14 14:03:26,628] INFO Shutting down the log cleaner. (kafka.log.LogCleaner)
[2019-08-14 14:03:26,629] INFO [kafka-log-cleaner-thread-0]: Shutting down (kafka.log.LogCleaner)
[2019-08-14 14:03:26,630] INFO [kafka-log-cleaner-thread-0]: Stopped (kafka.log.LogCleaner)
[2019-08-14 14:03:26,630] INFO [kafka-log-cleaner-thread-0]: Shutdown completed (kafka.log.LogCleaner)
[2019-08-14 14:03:55,432] INFO Starting the log cleaner (kafka.log.LogCleaner)
[2019-08-14 14:03:55,557] INFO [kafka-log-cleaner-thread-0]: Starting (kafka.log.LogCleaner)
[2019-08-14 14:27:31,248] INFO Shutting down the log cleaner. (kafka.log.LogCleaner)
[2019-08-14 14:27:31,248] INFO [kafka-log-cleaner-thread-0]: Shutting down (kafka.log.LogCleaner)
[2019-08-14 14:27:31,248] INFO [kafka-log-cleaner-thread-0]: Stopped (kafka.log.LogCleaner)
[2019-08-14 14:27:31,248] INFO [kafka-log-cleaner-thread-0]: Shutdown completed (kafka.log.LogCleaner)
[2019-08-14 14:28:00,080] INFO Starting the log cleaner (kafka.log.LogCleaner)
[2019-08-14 14:28:00,203] INFO [kafka-log-cleaner-thread-0]: Starting (kafka.log.LogCleaner)
[2019-08-15 08:57:33,793] INFO Shutting down the log cleaner. (kafka.log.LogCleaner)
[2019-08-15 08:57:33,795] INFO [kafka-log-cleaner-thread-0]: Shutting down (kafka.log.LogCleaner)
[2019-08-15 08:57:33,795] INFO [kafka-log-cleaner-thread-0]: Shutdown completed (kafka.log.LogCleaner)
[2019-08-15 08:57:33,795] INFO [kafka-log-cleaner-thread-0]: Stopped (kafka.log.LogCleaner)
[2019-08-15 08:58:33,653] INFO Starting the log cleaner (kafka.log.LogCleaner)
[2019-08-15 08:58:33,774] INFO [kafka-log-cleaner-thread-0]: Starting (kafka.log.LogCleaner)
[2019-08-15 10:13:23,665] INFO Shutting down the log cleaner. (kafka.log.LogCleaner)
[2019-08-15 10:13:23,667] INFO [kafka-log-cleaner-thread-0]: Shutting down (kafka.log.LogCleaner)
[2019-08-15 10:13:23,667] INFO [kafka-log-cleaner-thread-0]: Stopped (kafka.log.LogCleaner)
[2019-08-15 10:13:23,667] INFO [kafka-log-cleaner-thread-0]: Shutdown completed (kafka.log.LogCleaner)
[2019-08-15 10:14:03,549] INFO Starting the log cleaner (kafka.log.LogCleaner)
[2019-08-15 10:14:03,676] INFO [kafka-log-cleaner-thread-0]: Starting (kafka.log.LogCleaner)
[2019-08-15 11:04:36,866] INFO Shutting down the log cleaner. (kafka.log.LogCleaner)
[2019-08-15 11:04:36,868] INFO [kafka-log-cleaner-thread-0]: Shutting down (kafka.log.LogCleaner)
[2019-08-15 11:04:36,868] INFO [kafka-log-cleaner-thread-0]: Stopped (kafka.log.LogCleaner)
[2019-08-15 11:04:36,868] INFO [kafka-log-cleaner-thread-0]: Shutdown completed (kafka.log.LogCleaner)
[2019-08-15 11:05:15,884] INFO Starting the log cleaner (kafka.log.LogCleaner)
[2019-08-15 11:05:16,011] INFO [kafka-log-cleaner-thread-0]: Starting (kafka.log.LogCleaner)
[2019-08-15 11:27:02,935] INFO Shutting down the log cleaner. (kafka.log.LogCleaner)
[2019-08-15 11:27:02,935] INFO [kafka-log-cleaner-thread-0]: Shutting down (kafka.log.LogCleaner)
[2019-08-15 11:27:02,936] INFO [kafka-log-cleaner-thread-0]: Stopped (kafka.log.LogCleaner)
[2019-08-15 11:27:02,936] INFO [kafka-log-cleaner-thread-0]: Shutdown completed (kafka.log.LogCleaner)
[2019-08-15 11:27:29,432] INFO Starting the log cleaner (kafka.log.LogCleaner)
[2019-08-15 11:27:29,559] INFO [kafka-log-cleaner-thread-0]: Starting (kafka.log.LogCleaner)
[2019-08-15 11:29:32,701] INFO Shutting down the log cleaner. (kafka.log.LogCleaner)
[2019-08-15 11:29:32,701] INFO [kafka-log-cleaner-thread-0]: Shutting down (kafka.log.LogCleaner)
[2019-08-15 11:29:32,701] INFO [kafka-log-cleaner-thread-0]: Stopped (kafka.log.LogCleaner)
[2019-08-15 11:29:32,701] INFO [kafka-log-cleaner-thread-0]: Shutdown completed (kafka.log.LogCleaner)
[2019-08-15 11:29:54,012] INFO Starting the log cleaner (kafka.log.LogCleaner)
[2019-08-15 11:29:54,140] INFO [kafka-log-cleaner-thread-0]: Starting (kafka.log.LogCleaner)
[2019-08-15 11:35:20,729] INFO Shutting down the log cleaner. (kafka.log.LogCleaner)
[2019-08-15 11:35:20,729] INFO [kafka-log-cleaner-thread-0]: Shutting down (kafka.log.LogCleaner)
[2019-08-15 11:35:20,729] INFO [kafka-log-cleaner-thread-0]: Stopped (kafka.log.LogCleaner)
[2019-08-15 11:35:20,729] INFO [kafka-log-cleaner-thread-0]: Shutdown completed (kafka.log.LogCleaner)
[2019-08-15 11:50:21,262] INFO Starting the log cleaner (kafka.log.LogCleaner)
[2019-08-15 11:50:21,387] INFO [kafka-log-cleaner-thread-0]: Starting (kafka.log.LogCleaner)
[2019-08-15 12:04:29,096] INFO Shutting down the log cleaner. (kafka.log.LogCleaner)
[2019-08-15 12:04:29,097] INFO [kafka-log-cleaner-thread-0]: Shutting down (kafka.log.LogCleaner)
[2019-08-15 12:04:29,098] INFO [kafka-log-cleaner-thread-0]: Stopped (kafka.log.LogCleaner)
[2019-08-15 12:04:29,098] INFO [kafka-log-cleaner-thread-0]: Shutdown completed (kafka.log.LogCleaner)
[2019-08-15 12:12:28,588] INFO Starting the log cleaner (kafka.log.LogCleaner)
[2019-08-15 12:12:28,714] INFO [kafka-log-cleaner-thread-0]: Starting (kafka.log.LogCleaner)
[2019-08-15 12:21:01,270] INFO Shutting down the log cleaner. (kafka.log.LogCleaner)
[2019-08-15 12:21:01,270] INFO [kafka-log-cleaner-thread-0]: Shutting down (kafka.log.LogCleaner)
[2019-08-15 12:21:01,270] INFO [kafka-log-cleaner-thread-0]: Stopped (kafka.log.LogCleaner)
[2019-08-15 12:21:01,270] INFO [kafka-log-cleaner-thread-0]: Shutdown completed (kafka.log.LogCleaner)
[2019-08-15 12:22:35,776] INFO Starting the log cleaner (kafka.log.LogCleaner)
[2019-08-15 12:22:35,899] INFO [kafka-log-cleaner-thread-0]: Starting (kafka.log.LogCleaner)
[2019-08-15 12:33:49,107] INFO Shutting down the log cleaner. (kafka.log.LogCleaner)
[2019-08-15 12:33:49,107] INFO [kafka-log-cleaner-thread-0]: Shutting down (kafka.log.LogCleaner)
[2019-08-15 12:33:49,107] INFO [kafka-log-cleaner-thread-0]: Stopped (kafka.log.LogCleaner)
[2019-08-15 12:33:49,107] INFO [kafka-log-cleaner-thread-0]: Shutdown completed (kafka.log.LogCleaner)
[2019-08-15 12:34:10,355] INFO Starting the log cleaner (kafka.log.LogCleaner)
[2019-08-15 12:34:10,481] INFO [kafka-log-cleaner-thread-0]: Starting (kafka.log.LogCleaner)
[2019-08-15 12:40:44,979] INFO Shutting down the log cleaner. (kafka.log.LogCleaner)
[2019-08-15 12:40:44,980] INFO [kafka-log-cleaner-thread-0]: Shutting down (kafka.log.LogCleaner)
[2019-08-15 12:40:44,980] INFO [kafka-log-cleaner-thread-0]: Stopped (kafka.log.LogCleaner)
[2019-08-15 12:40:44,980] INFO [kafka-log-cleaner-thread-0]: Shutdown completed (kafka.log.LogCleaner)
[2019-08-15 12:41:58,210] INFO Starting the log cleaner (kafka.log.LogCleaner)
[2019-08-15 12:41:58,336] INFO [kafka-log-cleaner-thread-0]: Starting (kafka.log.LogCleaner)
[2019-08-15 13:15:07,558] INFO Shutting down the log cleaner. (kafka.log.LogCleaner)
[2019-08-15 13:15:07,560] INFO [kafka-log-cleaner-thread-0]: Shutting down (kafka.log.LogCleaner)
[2019-08-15 13:15:07,560] INFO [kafka-log-cleaner-thread-0]: Stopped (kafka.log.LogCleaner)
[2019-08-15 13:15:07,560] INFO [kafka-log-cleaner-thread-0]: Shutdown completed (kafka.log.LogCleaner)
[2019-08-15 13:37:42,022] INFO Starting the log cleaner (kafka.log.LogCleaner)
[2019-08-15 13:37:42,161] INFO [kafka-log-cleaner-thread-0]: Starting (kafka.log.LogCleaner)
[2019-08-15 13:38:00,772] INFO Shutting down the log cleaner. (kafka.log.LogCleaner)
[2019-08-15 13:38:00,772] INFO [kafka-log-cleaner-thread-0]: Shutting down (kafka.log.LogCleaner)
[2019-08-15 13:38:00,773] INFO [kafka-log-cleaner-thread-0]: Stopped (kafka.log.LogCleaner)
[2019-08-15 13:38:00,773] INFO [kafka-log-cleaner-thread-0]: Shutdown completed (kafka.log.LogCleaner)
[2019-08-15 13:38:25,629] INFO Starting the log cleaner (kafka.log.LogCleaner)
[2019-08-15 13:38:25,755] INFO [kafka-log-cleaner-thread-0]: Starting (kafka.log.LogCleaner)
[2019-08-15 13:52:20,480] INFO Shutting down the log cleaner. (kafka.log.LogCleaner)
[2019-08-15 13:52:20,481] INFO [kafka-log-cleaner-thread-0]: Shutting down (kafka.log.LogCleaner)
[2019-08-15 13:52:20,481] INFO [kafka-log-cleaner-thread-0]: Stopped (kafka.log.LogCleaner)
[2019-08-15 13:52:20,481] INFO [kafka-log-cleaner-thread-0]: Shutdown completed (kafka.log.LogCleaner)
[2019-08-15 13:55:38,613] INFO Starting the log cleaner (kafka.log.LogCleaner)
[2019-08-15 13:55:38,738] INFO [kafka-log-cleaner-thread-0]: Starting (kafka.log.LogCleaner)
[2019-08-15 13:59:52,655] INFO Shutting down the log cleaner. (kafka.log.LogCleaner)
[2019-08-15 13:59:52,655] INFO [kafka-log-cleaner-thread-0]: Shutting down (kafka.log.LogCleaner)
[2019-08-15 13:59:52,655] INFO [kafka-log-cleaner-thread-0]: Stopped (kafka.log.LogCleaner)
[2019-08-15 13:59:52,655] INFO [kafka-log-cleaner-thread-0]: Shutdown completed (kafka.log.LogCleaner)
[2019-08-15 14:00:17,464] INFO Starting the log cleaner (kafka.log.LogCleaner)
[2019-08-15 14:00:17,591] INFO [kafka-log-cleaner-thread-0]: Starting (kafka.log.LogCleaner)
[2019-08-15 14:06:46,450] INFO Shutting down the log cleaner. (kafka.log.LogCleaner)
[2019-08-15 14:06:46,450] INFO [kafka-log-cleaner-thread-0]: Shutting down (kafka.log.LogCleaner)
[2019-08-15 14:06:46,450] INFO [kafka-log-cleaner-thread-0]: Stopped (kafka.log.LogCleaner)
[2019-08-15 14:06:46,450] INFO [kafka-log-cleaner-thread-0]: Shutdown completed (kafka.log.LogCleaner)
[2019-08-15 14:08:22,831] INFO Starting the log cleaner (kafka.log.LogCleaner)
[2019-08-15 14:08:22,955] INFO [kafka-log-cleaner-thread-0]: Starting (kafka.log.LogCleaner)
[2019-08-15 14:11:17,897] INFO Shutting down the log cleaner. (kafka.log.LogCleaner)
[2019-08-15 14:11:17,897] INFO [kafka-log-cleaner-thread-0]: Shutting down (kafka.log.LogCleaner)
[2019-08-15 14:11:17,898] INFO [kafka-log-cleaner-thread-0]: Stopped (kafka.log.LogCleaner)
[2019-08-15 14:11:17,898] INFO [kafka-log-cleaner-thread-0]: Shutdown completed (kafka.log.LogCleaner)
[2019-08-15 14:11:40,839] INFO Starting the log cleaner (kafka.log.LogCleaner)
[2019-08-15 14:11:40,961] INFO [kafka-log-cleaner-thread-0]: Starting (kafka.log.LogCleaner)
[2019-08-15 14:34:36,783] INFO Shutting down the log cleaner. (kafka.log.LogCleaner)
[2019-08-15 14:34:36,784] INFO [kafka-log-cleaner-thread-0]: Shutting down (kafka.log.LogCleaner)
[2019-08-15 14:34:36,784] INFO [kafka-log-cleaner-thread-0]: Stopped (kafka.log.LogCleaner)
[2019-08-15 14:34:36,784] INFO [kafka-log-cleaner-thread-0]: Shutdown completed (kafka.log.LogCleaner)
[2019-08-15 14:35:15,949] INFO Starting the log cleaner (kafka.log.LogCleaner)
[2019-08-15 14:35:16,072] INFO [kafka-log-cleaner-thread-0]: Starting (kafka.log.LogCleaner)
[2019-08-15 14:50:41,842] INFO Shutting down the log cleaner. (kafka.log.LogCleaner)
[2019-08-15 14:50:41,843] INFO [kafka-log-cleaner-thread-0]: Shutting down (kafka.log.LogCleaner)
[2019-08-15 14:50:41,843] INFO [kafka-log-cleaner-thread-0]: Stopped (kafka.log.LogCleaner)
[2019-08-15 14:50:41,843] INFO [kafka-log-cleaner-thread-0]: Shutdown completed (kafka.log.LogCleaner)
[2019-08-15 14:51:33,621] INFO Starting the log cleaner (kafka.log.LogCleaner)
[2019-08-15 14:51:33,745] INFO [kafka-log-cleaner-thread-0]: Starting (kafka.log.LogCleaner)
[2019-08-15 17:16:40,021] INFO Shutting down the log cleaner. (kafka.log.LogCleaner)
[2019-08-15 17:16:40,022] INFO [kafka-log-cleaner-thread-0]: Shutting down (kafka.log.LogCleaner)
[2019-08-15 17:16:40,023] INFO [kafka-log-cleaner-thread-0]: Stopped (kafka.log.LogCleaner)
[2019-08-15 17:16:40,023] INFO [kafka-log-cleaner-thread-0]: Shutdown completed (kafka.log.LogCleaner)
[2019-08-16 08:05:50,219] INFO Starting the log cleaner (kafka.log.LogCleaner)
[2019-08-16 08:05:50,362] INFO [kafka-log-cleaner-thread-0]: Starting (kafka.log.LogCleaner)
[2019-08-16 08:23:28,532] INFO Shutting down the log cleaner. (kafka.log.LogCleaner)
[2019-08-16 08:23:28,532] INFO [kafka-log-cleaner-thread-0]: Shutting down (kafka.log.LogCleaner)
[2019-08-16 08:23:28,532] INFO [kafka-log-cleaner-thread-0]: Stopped (kafka.log.LogCleaner)
[2019-08-16 08:23:28,532] INFO [kafka-log-cleaner-thread-0]: Shutdown completed (kafka.log.LogCleaner)
[2019-08-16 08:24:09,659] INFO Starting the log cleaner (kafka.log.LogCleaner)
[2019-08-16 08:24:09,785] INFO [kafka-log-cleaner-thread-0]: Starting (kafka.log.LogCleaner)
[2019-08-16 08:31:51,145] INFO Shutting down the log cleaner. (kafka.log.LogCleaner)
[2019-08-16 08:31:51,146] INFO [kafka-log-cleaner-thread-0]: Shutting down (kafka.log.LogCleaner)
[2019-08-16 08:31:51,146] INFO [kafka-log-cleaner-thread-0]: Stopped (kafka.log.LogCleaner)
[2019-08-16 08:31:51,146] INFO [kafka-log-cleaner-thread-0]: Shutdown completed (kafka.log.LogCleaner)
[2019-08-16 08:35:07,849] INFO Starting the log cleaner (kafka.log.LogCleaner)
[2019-08-16 08:35:07,974] INFO [kafka-log-cleaner-thread-0]: Starting (kafka.log.LogCleaner)
[2019-08-16 09:21:31,503] INFO Shutting down the log cleaner. (kafka.log.LogCleaner)
[2019-08-16 09:21:31,505] INFO [kafka-log-cleaner-thread-0]: Shutting down (kafka.log.LogCleaner)
[2019-08-16 09:21:31,505] INFO [kafka-log-cleaner-thread-0]: Stopped (kafka.log.LogCleaner)
[2019-08-16 09:21:31,505] INFO [kafka-log-cleaner-thread-0]: Shutdown completed (kafka.log.LogCleaner)
[2019-08-16 09:21:51,648] INFO Starting the log cleaner (kafka.log.LogCleaner)
[2019-08-16 09:21:51,772] INFO [kafka-log-cleaner-thread-0]: Starting (kafka.log.LogCleaner)
[2019-08-16 09:45:41,306] INFO Shutting down the log cleaner. (kafka.log.LogCleaner)
[2019-08-16 09:45:41,307] INFO [kafka-log-cleaner-thread-0]: Shutting down (kafka.log.LogCleaner)
[2019-08-16 09:45:41,307] INFO [kafka-log-cleaner-thread-0]: Stopped (kafka.log.LogCleaner)
[2019-08-16 09:45:41,307] INFO [kafka-log-cleaner-thread-0]: Shutdown completed (kafka.log.LogCleaner)
[2019-08-16 09:46:43,591] INFO Starting the log cleaner (kafka.log.LogCleaner)
[2019-08-16 09:46:43,713] INFO [kafka-log-cleaner-thread-0]: Starting (kafka.log.LogCleaner)
[2019-08-16 09:49:13,877] INFO Shutting down the log cleaner. (kafka.log.LogCleaner)
[2019-08-16 09:49:13,877] INFO [kafka-log-cleaner-thread-0]: Shutting down (kafka.log.LogCleaner)
[2019-08-16 09:49:13,878] INFO [kafka-log-cleaner-thread-0]: Stopped (kafka.log.LogCleaner)
[2019-08-16 09:49:13,878] INFO [kafka-log-cleaner-thread-0]: Shutdown completed (kafka.log.LogCleaner)
[2019-08-16 09:56:48,818] INFO Starting the log cleaner (kafka.log.LogCleaner)
[2019-08-16 09:56:48,946] INFO [kafka-log-cleaner-thread-0]: Starting (kafka.log.LogCleaner)
[2019-08-16 10:13:18,804] INFO Shutting down the log cleaner. (kafka.log.LogCleaner)
[2019-08-16 10:13:18,806] INFO [kafka-log-cleaner-thread-0]: Shutting down (kafka.log.LogCleaner)
[2019-08-16 10:13:18,806] INFO [kafka-log-cleaner-thread-0]: Stopped (kafka.log.LogCleaner)
[2019-08-16 10:13:18,806] INFO [kafka-log-cleaner-thread-0]: Shutdown completed (kafka.log.LogCleaner)
[2019-08-16 10:13:46,026] INFO Starting the log cleaner (kafka.log.LogCleaner)
[2019-08-16 10:13:46,150] INFO [kafka-log-cleaner-thread-0]: Starting (kafka.log.LogCleaner)
[2019-08-16 11:23:45,875] INFO Shutting down the log cleaner. (kafka.log.LogCleaner)
[2019-08-16 11:23:45,876] INFO [kafka-log-cleaner-thread-0]: Shutting down (kafka.log.LogCleaner)
[2019-08-16 11:23:45,877] INFO [kafka-log-cleaner-thread-0]: Stopped (kafka.log.LogCleaner)
[2019-08-16 11:23:45,877] INFO [kafka-log-cleaner-thread-0]: Shutdown completed (kafka.log.LogCleaner)
[2019-08-16 11:28:55,730] INFO Starting the log cleaner (kafka.log.LogCleaner)
[2019-08-16 11:28:55,852] INFO [kafka-log-cleaner-thread-0]: Starting (kafka.log.LogCleaner)
[2019-08-16 11:37:46,328] INFO Shutting down the log cleaner. (kafka.log.LogCleaner)
[2019-08-16 11:37:46,328] INFO [kafka-log-cleaner-thread-0]: Shutting down (kafka.log.LogCleaner)
[2019-08-16 11:37:46,329] INFO [kafka-log-cleaner-thread-0]: Stopped (kafka.log.LogCleaner)
[2019-08-16 11:37:46,329] INFO [kafka-log-cleaner-thread-0]: Shutdown completed (kafka.log.LogCleaner)
[2019-08-16 12:06:07,987] INFO Starting the log cleaner (kafka.log.LogCleaner)
[2019-08-16 12:06:08,111] INFO [kafka-log-cleaner-thread-0]: Starting (kafka.log.LogCleaner)
[2019-08-16 12:13:22,030] INFO Shutting down the log cleaner. (kafka.log.LogCleaner)
[2019-08-16 12:13:22,031] INFO [kafka-log-cleaner-thread-0]: Shutting down (kafka.log.LogCleaner)
[2019-08-16 12:13:22,031] INFO [kafka-log-cleaner-thread-0]: Stopped (kafka.log.LogCleaner)
[2019-08-16 12:13:22,031] INFO [kafka-log-cleaner-thread-0]: Shutdown completed (kafka.log.LogCleaner)
[2019-08-16 12:13:51,067] INFO Starting the log cleaner (kafka.log.LogCleaner)
[2019-08-16 12:13:51,193] INFO [kafka-log-cleaner-thread-0]: Starting (kafka.log.LogCleaner)
[2019-08-16 12:41:39,119] INFO Shutting down the log cleaner. (kafka.log.LogCleaner)
[2019-08-16 12:41:39,120] INFO [kafka-log-cleaner-thread-0]: Shutting down (kafka.log.LogCleaner)
[2019-08-16 12:41:39,120] INFO [kafka-log-cleaner-thread-0]: Stopped (kafka.log.LogCleaner)
[2019-08-16 12:41:39,120] INFO [kafka-log-cleaner-thread-0]: Shutdown completed (kafka.log.LogCleaner)
[2019-08-16 12:42:01,464] INFO Starting the log cleaner (kafka.log.LogCleaner)
[2019-08-16 12:42:01,589] INFO [kafka-log-cleaner-thread-0]: Starting (kafka.log.LogCleaner)
[2019-08-16 16:30:24,921] INFO Shutting down the log cleaner. (kafka.log.LogCleaner)
[2019-08-16 16:30:24,923] INFO [kafka-log-cleaner-thread-0]: Shutting down (kafka.log.LogCleaner)
[2019-08-16 16:30:24,923] INFO [kafka-log-cleaner-thread-0]: Stopped (kafka.log.LogCleaner)
[2019-08-16 16:30:24,923] INFO [kafka-log-cleaner-thread-0]: Shutdown completed (kafka.log.LogCleaner)
[2019-08-19 08:03:19,411] INFO Starting the log cleaner (kafka.log.LogCleaner)
[2019-08-19 08:03:19,542] INFO [kafka-log-cleaner-thread-0]: Starting (kafka.log.LogCleaner)
[2019-08-19 08:41:42,530] INFO Shutting down the log cleaner. (kafka.log.LogCleaner)
[2019-08-19 08:41:42,530] INFO [kafka-log-cleaner-thread-0]: Shutting down (kafka.log.LogCleaner)
[2019-08-19 08:41:42,530] INFO [kafka-log-cleaner-thread-0]: Stopped (kafka.log.LogCleaner)
[2019-08-19 08:41:42,530] INFO [kafka-log-cleaner-thread-0]: Shutdown completed (kafka.log.LogCleaner)
[2019-08-19 08:42:11,199] INFO Starting the log cleaner (kafka.log.LogCleaner)
[2019-08-19 08:42:11,324] INFO [kafka-log-cleaner-thread-0]: Starting (kafka.log.LogCleaner)
[2019-08-19 12:11:17,404] INFO Shutting down the log cleaner. (kafka.log.LogCleaner)
[2019-08-19 12:11:17,406] INFO [kafka-log-cleaner-thread-0]: Shutting down (kafka.log.LogCleaner)
[2019-08-19 12:11:17,406] INFO [kafka-log-cleaner-thread-0]: Stopped (kafka.log.LogCleaner)
[2019-08-19 12:11:17,406] INFO [kafka-log-cleaner-thread-0]: Shutdown completed (kafka.log.LogCleaner)
[2019-08-19 12:13:11,986] INFO Starting the log cleaner (kafka.log.LogCleaner)
[2019-08-19 12:13:12,109] INFO [kafka-log-cleaner-thread-0]: Starting (kafka.log.LogCleaner)
[2019-08-19 12:48:21,276] INFO Shutting down the log cleaner. (kafka.log.LogCleaner)
[2019-08-19 12:48:21,277] INFO [kafka-log-cleaner-thread-0]: Shutting down (kafka.log.LogCleaner)
[2019-08-19 12:48:21,277] INFO [kafka-log-cleaner-thread-0]: Stopped (kafka.log.LogCleaner)
[2019-08-19 12:48:21,277] INFO [kafka-log-cleaner-thread-0]: Shutdown completed (kafka.log.LogCleaner)
[2019-08-19 13:33:23,011] INFO Starting the log cleaner (kafka.log.LogCleaner)
[2019-08-19 13:33:23,137] INFO [kafka-log-cleaner-thread-0]: Starting (kafka.log.LogCleaner)
[2019-08-19 14:15:08,883] INFO Shutting down the log cleaner. (kafka.log.LogCleaner)
[2019-08-19 14:15:08,884] INFO [kafka-log-cleaner-thread-0]: Shutting down (kafka.log.LogCleaner)
[2019-08-19 14:15:08,885] INFO [kafka-log-cleaner-thread-0]: Stopped (kafka.log.LogCleaner)
[2019-08-19 14:15:08,885] INFO [kafka-log-cleaner-thread-0]: Shutdown completed (kafka.log.LogCleaner)
[2019-08-19 14:27:11,445] INFO Starting the log cleaner (kafka.log.LogCleaner)
[2019-08-19 14:27:11,569] INFO [kafka-log-cleaner-thread-0]: Starting (kafka.log.LogCleaner)
[2019-08-19 14:32:30,520] INFO Shutting down the log cleaner. (kafka.log.LogCleaner)
[2019-08-19 14:32:30,520] INFO [kafka-log-cleaner-thread-0]: Shutting down (kafka.log.LogCleaner)
[2019-08-19 14:32:30,521] INFO [kafka-log-cleaner-thread-0]: Stopped (kafka.log.LogCleaner)
[2019-08-19 14:32:30,521] INFO [kafka-log-cleaner-thread-0]: Shutdown completed (kafka.log.LogCleaner)
[2019-08-19 14:32:52,483] INFO Starting the log cleaner (kafka.log.LogCleaner)
[2019-08-19 14:32:52,607] INFO [kafka-log-cleaner-thread-0]: Starting (kafka.log.LogCleaner)
[2019-08-19 15:37:43,709] INFO Shutting down the log cleaner. (kafka.log.LogCleaner)
[2019-08-19 15:37:43,711] INFO [kafka-log-cleaner-thread-0]: Shutting down (kafka.log.LogCleaner)
[2019-08-19 15:37:43,711] INFO [kafka-log-cleaner-thread-0]: Stopped (kafka.log.LogCleaner)
[2019-08-19 15:37:43,711] INFO [kafka-log-cleaner-thread-0]: Shutdown completed (kafka.log.LogCleaner)
[2019-08-19 15:49:02,174] INFO Starting the log cleaner (kafka.log.LogCleaner)
[2019-08-19 15:49:02,312] INFO [kafka-log-cleaner-thread-0]: Starting (kafka.log.LogCleaner)
[2019-08-19 15:54:08,308] INFO Starting the log cleaner (kafka.log.LogCleaner)
[2019-08-19 15:54:08,428] INFO [kafka-log-cleaner-thread-0]: Starting (kafka.log.LogCleaner)
[2019-08-19 15:54:16,120] INFO Shutting down the log cleaner. (kafka.log.LogCleaner)
[2019-08-19 15:54:16,121] INFO [kafka-log-cleaner-thread-0]: Shutting down (kafka.log.LogCleaner)
[2019-08-19 15:54:16,121] INFO [kafka-log-cleaner-thread-0]: Stopped (kafka.log.LogCleaner)
[2019-08-19 15:54:16,121] INFO [kafka-log-cleaner-thread-0]: Shutdown completed (kafka.log.LogCleaner)
[2019-08-19 15:54:59,826] INFO Starting the log cleaner (kafka.log.LogCleaner)
[2019-08-19 15:54:59,963] INFO [kafka-log-cleaner-thread-0]: Starting (kafka.log.LogCleaner)
[2019-08-19 16:21:43,563] INFO Shutting down the log cleaner. (kafka.log.LogCleaner)
[2019-08-19 16:21:43,565] INFO [kafka-log-cleaner-thread-0]: Shutting down (kafka.log.LogCleaner)
[2019-08-19 16:21:43,565] INFO [kafka-log-cleaner-thread-0]: Stopped (kafka.log.LogCleaner)
[2019-08-19 16:21:43,565] INFO [kafka-log-cleaner-thread-0]: Shutdown completed (kafka.log.LogCleaner)
[2019-08-19 16:55:56,689] INFO Starting the log cleaner (kafka.log.LogCleaner)
[2019-08-19 16:55:56,828] INFO [kafka-log-cleaner-thread-0]: Starting (kafka.log.LogCleaner)
[2019-08-19 16:59:01,188] INFO Starting the log cleaner (kafka.log.LogCleaner)
[2019-08-19 16:59:01,315] INFO [kafka-log-cleaner-thread-0]: Starting (kafka.log.LogCleaner)
[2019-08-19 17:05:33,814] INFO Shutting down the log cleaner. (kafka.log.LogCleaner)
[2019-08-19 17:05:33,815] INFO [kafka-log-cleaner-thread-0]: Shutting down (kafka.log.LogCleaner)
[2019-08-19 17:05:33,815] INFO [kafka-log-cleaner-thread-0]: Stopped (kafka.log.LogCleaner)
[2019-08-19 17:05:33,815] INFO [kafka-log-cleaner-thread-0]: Shutdown completed (kafka.log.LogCleaner)
[2019-08-20 10:54:08,494] INFO Starting the log cleaner (kafka.log.LogCleaner)
[2019-08-20 10:54:08,626] INFO [kafka-log-cleaner-thread-0]: Starting (kafka.log.LogCleaner)
[2019-08-20 11:10:21,796] INFO Starting the log cleaner (kafka.log.LogCleaner)
[2019-08-20 11:10:21,920] INFO [kafka-log-cleaner-thread-0]: Starting (kafka.log.LogCleaner)
[2019-08-20 11:32:56,107] INFO Shutting down the log cleaner. (kafka.log.LogCleaner)
[2019-08-20 11:32:56,107] INFO [kafka-log-cleaner-thread-0]: Shutting down (kafka.log.LogCleaner)
[2019-08-20 11:32:56,108] INFO [kafka-log-cleaner-thread-0]: Stopped (kafka.log.LogCleaner)
[2019-08-20 11:32:56,108] INFO [kafka-log-cleaner-thread-0]: Shutdown completed (kafka.log.LogCleaner)
[2019-08-20 11:33:38,582] INFO Starting the log cleaner (kafka.log.LogCleaner)
[2019-08-20 11:33:38,708] INFO [kafka-log-cleaner-thread-0]: Starting (kafka.log.LogCleaner)
[2019-08-20 15:13:26,571] INFO Shutting down the log cleaner. (kafka.log.LogCleaner)
[2019-08-20 15:13:26,572] INFO [kafka-log-cleaner-thread-0]: Shutting down (kafka.log.LogCleaner)
[2019-08-20 15:13:26,573] INFO [kafka-log-cleaner-thread-0]: Stopped (kafka.log.LogCleaner)
[2019-08-20 15:13:26,573] INFO [kafka-log-cleaner-thread-0]: Shutdown completed (kafka.log.LogCleaner)
[2019-08-20 15:20:34,465] INFO Starting the log cleaner (kafka.log.LogCleaner)
[2019-08-20 15:20:34,594] INFO [kafka-log-cleaner-thread-0]: Starting (kafka.log.LogCleaner)
[2019-08-20 15:33:03,506] INFO Shutting down the log cleaner. (kafka.log.LogCleaner)
[2019-08-20 15:33:03,506] INFO [kafka-log-cleaner-thread-0]: Shutting down (kafka.log.LogCleaner)
[2019-08-20 15:33:03,507] INFO [kafka-log-cleaner-thread-0]: Stopped (kafka.log.LogCleaner)
[2019-08-20 15:33:03,507] INFO [kafka-log-cleaner-thread-0]: Shutdown completed (kafka.log.LogCleaner)
[2019-08-20 15:33:27,781] INFO Starting the log cleaner (kafka.log.LogCleaner)
[2019-08-20 15:33:27,908] INFO [kafka-log-cleaner-thread-0]: Starting (kafka.log.LogCleaner)
[2019-08-20 15:40:01,733] INFO Shutting down the log cleaner. (kafka.log.LogCleaner)
[2019-08-20 15:40:01,733] INFO [kafka-log-cleaner-thread-0]: Shutting down (kafka.log.LogCleaner)
[2019-08-20 15:40:01,734] INFO [kafka-log-cleaner-thread-0]: Stopped (kafka.log.LogCleaner)
[2019-08-20 15:40:01,734] INFO [kafka-log-cleaner-thread-0]: Shutdown completed (kafka.log.LogCleaner)
[2019-08-20 15:40:26,116] INFO Starting the log cleaner (kafka.log.LogCleaner)
[2019-08-20 15:40:26,243] INFO [kafka-log-cleaner-thread-0]: Starting (kafka.log.LogCleaner)
[2019-08-20 16:15:31,764] INFO Shutting down the log cleaner. (kafka.log.LogCleaner)
[2019-08-20 16:15:31,765] INFO [kafka-log-cleaner-thread-0]: Shutting down (kafka.log.LogCleaner)
[2019-08-20 16:15:31,766] INFO [kafka-log-cleaner-thread-0]: Stopped (kafka.log.LogCleaner)
[2019-08-20 16:15:31,766] INFO [kafka-log-cleaner-thread-0]: Shutdown completed (kafka.log.LogCleaner)
[2019-08-21 10:37:40,515] INFO Starting the log cleaner (kafka.log.LogCleaner)
[2019-08-21 10:37:40,641] INFO [kafka-log-cleaner-thread-0]: Starting (kafka.log.LogCleaner)
[2019-08-21 10:56:20,702] INFO Shutting down the log cleaner. (kafka.log.LogCleaner)
[2019-08-21 10:56:20,703] INFO [kafka-log-cleaner-thread-0]: Shutting down (kafka.log.LogCleaner)
[2019-08-21 10:56:20,703] INFO [kafka-log-cleaner-thread-0]: Stopped (kafka.log.LogCleaner)
[2019-08-21 10:56:20,703] INFO [kafka-log-cleaner-thread-0]: Shutdown completed (kafka.log.LogCleaner)
[2019-08-21 10:57:21,601] INFO Starting the log cleaner (kafka.log.LogCleaner)
[2019-08-21 10:57:21,726] INFO [kafka-log-cleaner-thread-0]: Starting (kafka.log.LogCleaner)
[2019-08-21 14:31:51,602] INFO Shutting down the log cleaner. (kafka.log.LogCleaner)
[2019-08-21 14:31:51,604] INFO [kafka-log-cleaner-thread-0]: Shutting down (kafka.log.LogCleaner)
[2019-08-21 14:31:51,604] INFO [kafka-log-cleaner-thread-0]: Shutdown completed (kafka.log.LogCleaner)
[2019-08-21 14:31:51,604] INFO [kafka-log-cleaner-thread-0]: Stopped (kafka.log.LogCleaner)
[2019-08-21 14:41:07,161] INFO Starting the log cleaner (kafka.log.LogCleaner)
[2019-08-21 14:41:07,286] INFO [kafka-log-cleaner-thread-0]: Starting (kafka.log.LogCleaner)
[2019-08-22 08:22:49,985] INFO Shutting down the log cleaner. (kafka.log.LogCleaner)
[2019-08-22 08:22:49,986] INFO [kafka-log-cleaner-thread-0]: Shutting down (kafka.log.LogCleaner)
[2019-08-22 08:22:49,987] INFO [kafka-log-cleaner-thread-0]: Stopped (kafka.log.LogCleaner)
[2019-08-22 08:22:49,987] INFO [kafka-log-cleaner-thread-0]: Shutdown completed (kafka.log.LogCleaner)
[2019-08-22 09:56:58,056] INFO Starting the log cleaner (kafka.log.LogCleaner)
[2019-08-22 09:56:58,180] INFO [kafka-log-cleaner-thread-0]: Starting (kafka.log.LogCleaner)
[2019-08-22 10:01:01,545] INFO Shutting down the log cleaner. (kafka.log.LogCleaner)
[2019-08-22 10:01:01,546] INFO [kafka-log-cleaner-thread-0]: Shutting down (kafka.log.LogCleaner)
[2019-08-22 10:01:01,547] INFO [kafka-log-cleaner-thread-0]: Stopped (kafka.log.LogCleaner)
[2019-08-22 10:01:01,547] INFO [kafka-log-cleaner-thread-0]: Shutdown completed (kafka.log.LogCleaner)
[2019-08-22 10:01:42,850] INFO Starting the log cleaner (kafka.log.LogCleaner)
[2019-08-22 10:01:42,978] INFO [kafka-log-cleaner-thread-0]: Starting (kafka.log.LogCleaner)
[2019-08-22 10:24:57,685] INFO Shutting down the log cleaner. (kafka.log.LogCleaner)
[2019-08-22 10:24:57,686] INFO [kafka-log-cleaner-thread-0]: Shutting down (kafka.log.LogCleaner)
[2019-08-22 10:24:57,686] INFO [kafka-log-cleaner-thread-0]: Stopped (kafka.log.LogCleaner)
[2019-08-22 10:24:57,686] INFO [kafka-log-cleaner-thread-0]: Shutdown completed (kafka.log.LogCleaner)
[2019-08-22 10:27:32,777] INFO Starting the log cleaner (kafka.log.LogCleaner)
[2019-08-22 10:27:32,911] INFO [kafka-log-cleaner-thread-0]: Starting (kafka.log.LogCleaner)
[2019-08-22 10:42:10,437] INFO Shutting down the log cleaner. (kafka.log.LogCleaner)
[2019-08-22 10:42:10,437] INFO [kafka-log-cleaner-thread-0]: Shutting down (kafka.log.LogCleaner)
[2019-08-22 10:42:10,437] INFO [kafka-log-cleaner-thread-0]: Stopped (kafka.log.LogCleaner)
[2019-08-22 10:42:10,437] INFO [kafka-log-cleaner-thread-0]: Shutdown completed (kafka.log.LogCleaner)
[2019-08-22 10:42:45,540] INFO Starting the log cleaner (kafka.log.LogCleaner)
[2019-08-22 10:42:45,665] INFO [kafka-log-cleaner-thread-0]: Starting (kafka.log.LogCleaner)
[2019-08-22 10:54:41,110] INFO Shutting down the log cleaner. (kafka.log.LogCleaner)
[2019-08-22 10:54:41,110] INFO [kafka-log-cleaner-thread-0]: Shutting down (kafka.log.LogCleaner)
[2019-08-22 10:54:41,110] INFO [kafka-log-cleaner-thread-0]: Stopped (kafka.log.LogCleaner)
[2019-08-22 10:54:41,110] INFO [kafka-log-cleaner-thread-0]: Shutdown completed (kafka.log.LogCleaner)
[2019-08-22 11:00:26,135] INFO Starting the log cleaner (kafka.log.LogCleaner)
[2019-08-22 11:00:26,264] INFO [kafka-log-cleaner-thread-0]: Starting (kafka.log.LogCleaner)
[2019-08-22 11:00:31,266] INFO Shutting down the log cleaner. (kafka.log.LogCleaner)
[2019-08-22 11:00:31,266] INFO [kafka-log-cleaner-thread-0]: Shutting down (kafka.log.LogCleaner)
[2019-08-22 11:00:31,266] INFO [kafka-log-cleaner-thread-0]: Stopped (kafka.log.LogCleaner)
[2019-08-22 11:00:31,266] INFO [kafka-log-cleaner-thread-0]: Shutdown completed (kafka.log.LogCleaner)
[2019-08-26 08:04:18,464] INFO Starting the log cleaner (kafka.log.LogCleaner)
[2019-08-26 08:04:18,594] INFO [kafka-log-cleaner-thread-0]: Starting (kafka.log.LogCleaner)
[2019-08-26 08:14:17,686] INFO Shutting down the log cleaner. (kafka.log.LogCleaner)
[2019-08-26 08:14:17,687] INFO [kafka-log-cleaner-thread-0]: Shutting down (kafka.log.LogCleaner)
[2019-08-26 08:14:17,687] INFO [kafka-log-cleaner-thread-0]: Stopped (kafka.log.LogCleaner)
[2019-08-26 08:14:17,687] INFO [kafka-log-cleaner-thread-0]: Shutdown completed (kafka.log.LogCleaner)
[2019-08-26 08:16:48,286] INFO Starting the log cleaner (kafka.log.LogCleaner)
[2019-08-26 08:16:48,413] INFO [kafka-log-cleaner-thread-0]: Starting (kafka.log.LogCleaner)
[2019-08-26 08:25:15,053] INFO Shutting down the log cleaner. (kafka.log.LogCleaner)
[2019-08-26 08:25:15,053] INFO [kafka-log-cleaner-thread-0]: Shutting down (kafka.log.LogCleaner)
[2019-08-26 08:25:15,054] INFO [kafka-log-cleaner-thread-0]: Stopped (kafka.log.LogCleaner)
[2019-08-26 08:25:15,054] INFO [kafka-log-cleaner-thread-0]: Shutdown completed (kafka.log.LogCleaner)
[2019-08-26 08:29:11,722] INFO Starting the log cleaner (kafka.log.LogCleaner)
[2019-08-26 08:29:11,846] INFO [kafka-log-cleaner-thread-0]: Starting (kafka.log.LogCleaner)
[2019-08-26 08:40:41,966] INFO Shutting down the log cleaner. (kafka.log.LogCleaner)
[2019-08-26 08:40:41,966] INFO [kafka-log-cleaner-thread-0]: Shutting down (kafka.log.LogCleaner)
[2019-08-26 08:40:41,967] INFO [kafka-log-cleaner-thread-0]: Stopped (kafka.log.LogCleaner)
[2019-08-26 08:40:41,967] INFO [kafka-log-cleaner-thread-0]: Shutdown completed (kafka.log.LogCleaner)
[2019-08-26 08:41:05,000] INFO Starting the log cleaner (kafka.log.LogCleaner)
[2019-08-26 08:41:05,137] INFO [kafka-log-cleaner-thread-0]: Starting (kafka.log.LogCleaner)
[2019-08-26 09:11:03,639] INFO Shutting down the log cleaner. (kafka.log.LogCleaner)
[2019-08-26 09:11:03,640] INFO [kafka-log-cleaner-thread-0]: Shutting down (kafka.log.LogCleaner)
[2019-08-26 09:11:03,641] INFO [kafka-log-cleaner-thread-0]: Stopped (kafka.log.LogCleaner)
[2019-08-26 09:11:03,641] INFO [kafka-log-cleaner-thread-0]: Shutdown completed (kafka.log.LogCleaner)
[2019-08-26 09:19:18,758] INFO Starting the log cleaner (kafka.log.LogCleaner)
[2019-08-26 09:19:18,882] INFO [kafka-log-cleaner-thread-0]: Starting (kafka.log.LogCleaner)
[2019-08-26 09:26:40,328] INFO Shutting down the log cleaner. (kafka.log.LogCleaner)
[2019-08-26 09:26:40,328] INFO [kafka-log-cleaner-thread-0]: Shutting down (kafka.log.LogCleaner)
[2019-08-26 09:26:40,329] INFO [kafka-log-cleaner-thread-0]: Stopped (kafka.log.LogCleaner)
[2019-08-26 09:26:40,329] INFO [kafka-log-cleaner-thread-0]: Shutdown completed (kafka.log.LogCleaner)
[2019-08-26 09:26:57,500] INFO Starting the log cleaner (kafka.log.LogCleaner)
[2019-08-26 09:26:57,627] INFO [kafka-log-cleaner-thread-0]: Starting (kafka.log.LogCleaner)
[2019-08-26 09:32:59,397] INFO Shutting down the log cleaner. (kafka.log.LogCleaner)
[2019-08-26 09:32:59,398] INFO [kafka-log-cleaner-thread-0]: Shutting down (kafka.log.LogCleaner)
[2019-08-26 09:32:59,398] INFO [kafka-log-cleaner-thread-0]: Stopped (kafka.log.LogCleaner)
[2019-08-26 09:32:59,398] INFO [kafka-log-cleaner-thread-0]: Shutdown completed (kafka.log.LogCleaner)
[2019-08-26 10:16:11,124] INFO Starting the log cleaner (kafka.log.LogCleaner)
[2019-08-26 10:16:11,294] INFO [kafka-log-cleaner-thread-0]: Starting (kafka.log.LogCleaner)
[2019-08-26 10:27:34,259] INFO Shutting down the log cleaner. (kafka.log.LogCleaner)
[2019-08-26 10:27:34,259] INFO [kafka-log-cleaner-thread-0]: Shutting down (kafka.log.LogCleaner)
[2019-08-26 10:27:34,260] INFO [kafka-log-cleaner-thread-0]: Stopped (kafka.log.LogCleaner)
[2019-08-26 10:27:34,260] INFO [kafka-log-cleaner-thread-0]: Shutdown completed (kafka.log.LogCleaner)
[2019-08-26 10:35:43,026] INFO Starting the log cleaner (kafka.log.LogCleaner)
[2019-08-26 10:35:43,152] INFO [kafka-log-cleaner-thread-0]: Starting (kafka.log.LogCleaner)
[2019-08-26 11:07:44,455] INFO Shutting down the log cleaner. (kafka.log.LogCleaner)
[2019-08-26 11:07:44,456] INFO [kafka-log-cleaner-thread-0]: Shutting down (kafka.log.LogCleaner)
[2019-08-26 11:07:44,457] INFO [kafka-log-cleaner-thread-0]: Stopped (kafka.log.LogCleaner)
[2019-08-26 11:07:44,457] INFO [kafka-log-cleaner-thread-0]: Shutdown completed (kafka.log.LogCleaner)
[2019-08-26 11:13:39,208] INFO Starting the log cleaner (kafka.log.LogCleaner)
[2019-08-26 11:13:39,333] INFO [kafka-log-cleaner-thread-0]: Starting (kafka.log.LogCleaner)
[2019-08-26 11:39:35,344] INFO Shutting down the log cleaner. (kafka.log.LogCleaner)
[2019-08-26 11:39:35,344] INFO [kafka-log-cleaner-thread-0]: Shutting down (kafka.log.LogCleaner)
[2019-08-26 11:39:35,345] INFO [kafka-log-cleaner-thread-0]: Stopped (kafka.log.LogCleaner)
[2019-08-26 11:39:35,345] INFO [kafka-log-cleaner-thread-0]: Shutdown completed (kafka.log.LogCleaner)
[2019-08-26 11:40:10,929] INFO Starting the log cleaner (kafka.log.LogCleaner)
[2019-08-26 11:40:11,056] INFO [kafka-log-cleaner-thread-0]: Starting (kafka.log.LogCleaner)
[2019-08-26 11:58:44,343] INFO Shutting down the log cleaner. (kafka.log.LogCleaner)
[2019-08-26 11:58:44,343] INFO [kafka-log-cleaner-thread-0]: Shutting down (kafka.log.LogCleaner)
[2019-08-26 11:58:44,344] INFO [kafka-log-cleaner-thread-0]: Stopped (kafka.log.LogCleaner)
[2019-08-26 11:58:44,344] INFO [kafka-log-cleaner-thread-0]: Shutdown completed (kafka.log.LogCleaner)
[2019-08-26 11:59:06,986] INFO Starting the log cleaner (kafka.log.LogCleaner)
[2019-08-26 11:59:07,112] INFO [kafka-log-cleaner-thread-0]: Starting (kafka.log.LogCleaner)
[2019-08-26 12:18:45,637] INFO Shutting down the log cleaner. (kafka.log.LogCleaner)
[2019-08-26 12:18:45,639] INFO [kafka-log-cleaner-thread-0]: Shutting down (kafka.log.LogCleaner)
[2019-08-26 12:18:45,639] INFO [kafka-log-cleaner-thread-0]: Stopped (kafka.log.LogCleaner)
[2019-08-26 12:18:45,639] INFO [kafka-log-cleaner-thread-0]: Shutdown completed (kafka.log.LogCleaner)
[2019-08-26 12:19:42,151] INFO Starting the log cleaner (kafka.log.LogCleaner)
[2019-08-26 12:19:42,277] INFO [kafka-log-cleaner-thread-0]: Starting (kafka.log.LogCleaner)
[2019-08-26 12:31:25,540] INFO Shutting down the log cleaner. (kafka.log.LogCleaner)
[2019-08-26 12:31:25,540] INFO [kafka-log-cleaner-thread-0]: Shutting down (kafka.log.LogCleaner)
[2019-08-26 12:31:25,540] INFO [kafka-log-cleaner-thread-0]: Stopped (kafka.log.LogCleaner)
[2019-08-26 12:31:25,540] INFO [kafka-log-cleaner-thread-0]: Shutdown completed (kafka.log.LogCleaner)
[2019-08-26 12:32:06,062] INFO Starting the log cleaner (kafka.log.LogCleaner)
[2019-08-26 12:32:06,189] INFO [kafka-log-cleaner-thread-0]: Starting (kafka.log.LogCleaner)
[2019-08-26 12:40:27,941] INFO Shutting down the log cleaner. (kafka.log.LogCleaner)
[2019-08-26 12:40:27,941] INFO [kafka-log-cleaner-thread-0]: Shutting down (kafka.log.LogCleaner)
[2019-08-26 12:40:27,942] INFO [kafka-log-cleaner-thread-0]: Stopped (kafka.log.LogCleaner)
[2019-08-26 12:40:27,942] INFO [kafka-log-cleaner-thread-0]: Shutdown completed (kafka.log.LogCleaner)
[2019-08-26 12:40:46,748] INFO Starting the log cleaner (kafka.log.LogCleaner)
[2019-08-26 12:40:46,876] INFO [kafka-log-cleaner-thread-0]: Starting (kafka.log.LogCleaner)
[2019-08-26 12:55:23,860] INFO Shutting down the log cleaner. (kafka.log.LogCleaner)
[2019-08-26 12:55:23,860] INFO [kafka-log-cleaner-thread-0]: Shutting down (kafka.log.LogCleaner)
[2019-08-26 12:55:23,860] INFO [kafka-log-cleaner-thread-0]: Stopped (kafka.log.LogCleaner)
[2019-08-26 12:55:23,860] INFO [kafka-log-cleaner-thread-0]: Shutdown completed (kafka.log.LogCleaner)
[2019-08-26 12:55:47,807] INFO Starting the log cleaner (kafka.log.LogCleaner)
[2019-08-26 12:55:47,931] INFO [kafka-log-cleaner-thread-0]: Starting (kafka.log.LogCleaner)
[2019-08-26 12:56:04,438] INFO Shutting down the log cleaner. (kafka.log.LogCleaner)
[2019-08-26 12:56:04,438] INFO [kafka-log-cleaner-thread-0]: Shutting down (kafka.log.LogCleaner)
[2019-08-26 12:56:04,438] INFO [kafka-log-cleaner-thread-0]: Stopped (kafka.log.LogCleaner)
[2019-08-26 12:56:04,438] INFO [kafka-log-cleaner-thread-0]: Shutdown completed (kafka.log.LogCleaner)
[2019-08-26 12:56:45,172] INFO Starting the log cleaner (kafka.log.LogCleaner)
[2019-08-26 12:56:45,295] INFO [kafka-log-cleaner-thread-0]: Starting (kafka.log.LogCleaner)
[2019-08-26 12:57:09,366] INFO Shutting down the log cleaner. (kafka.log.LogCleaner)
[2019-08-26 12:57:09,366] INFO [kafka-log-cleaner-thread-0]: Shutting down (kafka.log.LogCleaner)
[2019-08-26 12:57:09,367] INFO [kafka-log-cleaner-thread-0]: Stopped (kafka.log.LogCleaner)
[2019-08-26 12:57:09,367] INFO [kafka-log-cleaner-thread-0]: Shutdown completed (kafka.log.LogCleaner)
[2019-08-26 12:57:27,090] INFO Starting the log cleaner (kafka.log.LogCleaner)
[2019-08-26 12:57:27,214] INFO [kafka-log-cleaner-thread-0]: Starting (kafka.log.LogCleaner)
[2019-08-26 12:57:49,104] INFO Shutting down the log cleaner. (kafka.log.LogCleaner)
[2019-08-26 12:57:49,104] INFO [kafka-log-cleaner-thread-0]: Shutting down (kafka.log.LogCleaner)
[2019-08-26 12:57:49,104] INFO [kafka-log-cleaner-thread-0]: Stopped (kafka.log.LogCleaner)
[2019-08-26 12:57:49,104] INFO [kafka-log-cleaner-thread-0]: Shutdown completed (kafka.log.LogCleaner)
[2019-08-26 12:58:05,676] INFO Starting the log cleaner (kafka.log.LogCleaner)
[2019-08-26 12:58:05,800] INFO [kafka-log-cleaner-thread-0]: Starting (kafka.log.LogCleaner)
[2019-08-26 13:25:22,119] INFO Shutting down the log cleaner. (kafka.log.LogCleaner)
[2019-08-26 13:25:22,121] INFO [kafka-log-cleaner-thread-0]: Shutting down (kafka.log.LogCleaner)
[2019-08-26 13:25:22,121] INFO [kafka-log-cleaner-thread-0]: Stopped (kafka.log.LogCleaner)
[2019-08-26 13:25:22,121] INFO [kafka-log-cleaner-thread-0]: Shutdown completed (kafka.log.LogCleaner)
[2019-08-26 13:25:44,820] INFO Starting the log cleaner (kafka.log.LogCleaner)
[2019-08-26 13:25:44,943] INFO [kafka-log-cleaner-thread-0]: Starting (kafka.log.LogCleaner)
[2019-08-26 13:35:01,713] INFO Shutting down the log cleaner. (kafka.log.LogCleaner)
[2019-08-26 13:35:01,713] INFO [kafka-log-cleaner-thread-0]: Shutting down (kafka.log.LogCleaner)
[2019-08-26 13:35:01,714] INFO [kafka-log-cleaner-thread-0]: Stopped (kafka.log.LogCleaner)
[2019-08-26 13:35:01,714] INFO [kafka-log-cleaner-thread-0]: Shutdown completed (kafka.log.LogCleaner)
[2019-08-26 13:53:10,332] INFO Starting the log cleaner (kafka.log.LogCleaner)
[2019-08-26 13:53:10,457] INFO [kafka-log-cleaner-thread-0]: Starting (kafka.log.LogCleaner)
[2019-08-29 08:44:21,710] INFO Starting the log cleaner (kafka.log.LogCleaner)
[2019-08-29 08:44:21,840] INFO [kafka-log-cleaner-thread-0]: Starting (kafka.log.LogCleaner)
[2019-08-29 08:47:39,872] INFO Shutting down the log cleaner. (kafka.log.LogCleaner)
[2019-08-29 08:47:39,872] INFO [kafka-log-cleaner-thread-0]: Shutting down (kafka.log.LogCleaner)
[2019-08-29 08:47:39,872] INFO [kafka-log-cleaner-thread-0]: Stopped (kafka.log.LogCleaner)
[2019-08-29 08:47:39,872] INFO [kafka-log-cleaner-thread-0]: Shutdown completed (kafka.log.LogCleaner)
[2019-08-29 08:48:13,358] INFO Starting the log cleaner (kafka.log.LogCleaner)
[2019-08-29 08:48:13,483] INFO [kafka-log-cleaner-thread-0]: Starting (kafka.log.LogCleaner)
[2019-08-29 08:58:35,513] INFO Shutting down the log cleaner. (kafka.log.LogCleaner)
[2019-08-29 08:58:35,513] INFO [kafka-log-cleaner-thread-0]: Shutting down (kafka.log.LogCleaner)
[2019-08-29 08:58:35,513] INFO [kafka-log-cleaner-thread-0]: Stopped (kafka.log.LogCleaner)
[2019-08-29 08:58:35,513] INFO [kafka-log-cleaner-thread-0]: Shutdown completed (kafka.log.LogCleaner)
[2019-08-29 08:59:03,497] INFO Starting the log cleaner (kafka.log.LogCleaner)
[2019-08-29 08:59:03,622] INFO [kafka-log-cleaner-thread-0]: Starting (kafka.log.LogCleaner)
[2019-08-29 16:17:22,209] INFO Shutting down the log cleaner. (kafka.log.LogCleaner)
[2019-08-29 16:17:22,210] INFO [kafka-log-cleaner-thread-0]: Shutting down (kafka.log.LogCleaner)
[2019-08-29 16:17:22,211] INFO [kafka-log-cleaner-thread-0]: Stopped (kafka.log.LogCleaner)
[2019-08-29 16:17:22,211] INFO [kafka-log-cleaner-thread-0]: Shutdown completed (kafka.log.LogCleaner)
[2019-08-30 09:36:44,173] INFO Starting the log cleaner (kafka.log.LogCleaner)
[2019-08-30 09:36:44,254] INFO [kafka-log-cleaner-thread-0]: Starting (kafka.log.LogCleaner)
[2019-08-30 09:56:15,698] INFO Shutting down the log cleaner. (kafka.log.LogCleaner)
[2019-08-30 09:56:15,699] INFO [kafka-log-cleaner-thread-0]: Shutting down (kafka.log.LogCleaner)
[2019-08-30 09:56:15,699] INFO [kafka-log-cleaner-thread-0]: Stopped (kafka.log.LogCleaner)
[2019-08-30 09:56:15,699] INFO [kafka-log-cleaner-thread-0]: Shutdown completed (kafka.log.LogCleaner)
[2019-08-30 09:57:32,102] INFO Starting the log cleaner (kafka.log.LogCleaner)
[2019-08-30 09:57:32,184] INFO [kafka-log-cleaner-thread-0]: Starting (kafka.log.LogCleaner)
[2019-08-30 10:00:17,507] INFO Shutting down the log cleaner. (kafka.log.LogCleaner)
[2019-08-30 10:00:17,508] INFO [kafka-log-cleaner-thread-0]: Shutting down (kafka.log.LogCleaner)
[2019-08-30 10:00:17,509] INFO [kafka-log-cleaner-thread-0]: Stopped (kafka.log.LogCleaner)
[2019-08-30 10:00:17,509] INFO [kafka-log-cleaner-thread-0]: Shutdown completed (kafka.log.LogCleaner)
[2019-08-30 12:17:09,987] INFO Starting the log cleaner (kafka.log.LogCleaner)
[2019-08-30 12:17:10,070] INFO [kafka-log-cleaner-thread-0]: Starting (kafka.log.LogCleaner)
[2019-08-30 12:48:04,391] INFO Shutting down the log cleaner. (kafka.log.LogCleaner)
[2019-08-30 12:48:04,391] INFO [kafka-log-cleaner-thread-0]: Shutting down (kafka.log.LogCleaner)
[2019-08-30 12:48:04,392] INFO [kafka-log-cleaner-thread-0]: Stopped (kafka.log.LogCleaner)
[2019-08-30 12:48:04,392] INFO [kafka-log-cleaner-thread-0]: Shutdown completed (kafka.log.LogCleaner)
[2019-08-30 16:05:25,253] INFO Starting the log cleaner (kafka.log.LogCleaner)
[2019-08-30 16:05:25,338] INFO [kafka-log-cleaner-thread-0]: Starting (kafka.log.LogCleaner)
[2019-08-30 16:35:35,053] INFO Shutting down the log cleaner. (kafka.log.LogCleaner)
[2019-08-30 16:35:35,054] INFO [kafka-log-cleaner-thread-0]: Shutting down (kafka.log.LogCleaner)
[2019-08-30 16:35:35,054] INFO [kafka-log-cleaner-thread-0]: Stopped (kafka.log.LogCleaner)
[2019-08-30 16:35:35,054] INFO [kafka-log-cleaner-thread-0]: Shutdown completed (kafka.log.LogCleaner)
[2019-09-03 08:13:00,259] INFO Starting the log cleaner (kafka.log.LogCleaner)
[2019-09-03 08:13:00,342] INFO [kafka-log-cleaner-thread-0]: Starting (kafka.log.LogCleaner)
[2019-09-03 08:13:29,792] INFO Shutting down the log cleaner. (kafka.log.LogCleaner)
[2019-09-03 08:13:29,792] INFO [kafka-log-cleaner-thread-0]: Shutting down (kafka.log.LogCleaner)
[2019-09-03 08:13:29,792] INFO [kafka-log-cleaner-thread-0]: Stopped (kafka.log.LogCleaner)
[2019-09-03 08:13:29,792] INFO [kafka-log-cleaner-thread-0]: Shutdown completed (kafka.log.LogCleaner)
[2019-09-03 08:13:56,463] INFO Starting the log cleaner (kafka.log.LogCleaner)
[2019-09-03 08:13:56,541] INFO [kafka-log-cleaner-thread-0]: Starting (kafka.log.LogCleaner)
[2019-09-03 10:49:59,244] INFO Shutting down the log cleaner. (kafka.log.LogCleaner)
[2019-09-03 10:49:59,245] INFO [kafka-log-cleaner-thread-0]: Shutting down (kafka.log.LogCleaner)
[2019-09-03 10:49:59,245] INFO [kafka-log-cleaner-thread-0]: Stopped (kafka.log.LogCleaner)
[2019-09-03 10:49:59,245] INFO [kafka-log-cleaner-thread-0]: Shutdown completed (kafka.log.LogCleaner)
[2019-09-03 10:50:34,238] INFO Starting the log cleaner (kafka.log.LogCleaner)
[2019-09-03 10:50:34,317] INFO [kafka-log-cleaner-thread-0]: Starting (kafka.log.LogCleaner)
[2019-09-03 13:27:45,108] INFO Shutting down the log cleaner. (kafka.log.LogCleaner)
[2019-09-03 13:27:45,109] INFO [kafka-log-cleaner-thread-0]: Shutting down (kafka.log.LogCleaner)
[2019-09-03 13:27:45,109] INFO [kafka-log-cleaner-thread-0]: Stopped (kafka.log.LogCleaner)
[2019-09-03 13:27:45,109] INFO [kafka-log-cleaner-thread-0]: Shutdown completed (kafka.log.LogCleaner)
[2019-09-03 13:28:15,645] INFO Starting the log cleaner (kafka.log.LogCleaner)
[2019-09-03 13:28:15,725] INFO [kafka-log-cleaner-thread-0]: Starting (kafka.log.LogCleaner)
[2019-09-04 10:32:53,183] INFO Shutting down the log cleaner. (kafka.log.LogCleaner)
[2019-09-04 10:32:53,184] INFO [kafka-log-cleaner-thread-0]: Shutting down (kafka.log.LogCleaner)
[2019-09-04 10:32:53,185] INFO [kafka-log-cleaner-thread-0]: Stopped (kafka.log.LogCleaner)
[2019-09-04 10:32:53,185] INFO [kafka-log-cleaner-thread-0]: Shutdown completed (kafka.log.LogCleaner)
[2019-09-04 10:33:32,209] INFO Starting the log cleaner (kafka.log.LogCleaner)
[2019-09-04 10:33:32,300] INFO [kafka-log-cleaner-thread-0]: Starting (kafka.log.LogCleaner)
[2019-09-04 16:08:15,338] INFO Shutting down the log cleaner. (kafka.log.LogCleaner)
[2019-09-04 16:08:15,339] INFO [kafka-log-cleaner-thread-0]: Shutting down (kafka.log.LogCleaner)
[2019-09-04 16:08:15,340] INFO [kafka-log-cleaner-thread-0]: Stopped (kafka.log.LogCleaner)
[2019-09-04 16:08:15,340] INFO [kafka-log-cleaner-thread-0]: Shutdown completed (kafka.log.LogCleaner)
[2019-09-05 09:49:18,353] INFO Starting the log cleaner (kafka.log.LogCleaner)
[2019-09-05 09:49:18,435] INFO [kafka-log-cleaner-thread-0]: Starting (kafka.log.LogCleaner)
[2019-09-06 09:04:18,178] INFO Starting the log cleaner (kafka.log.LogCleaner)
[2019-09-06 09:04:18,261] INFO [kafka-log-cleaner-thread-0]: Starting (kafka.log.LogCleaner)
